This is LuaHBTeX, Version 1.18.1 (MiKTeX 24.4) (format=lualatex 2024.7.26)  26 JUL 2024 09:09
 system commands enabled.
 file:line:error style messages enabled.
**c:/Users/fonta/Desktop/Tirocinio/Presentazione/main
(c:/Users/fonta/Desktop/Tirocinio/Presentazione/main.tex
LaTeX2e <2023-11-01> patch level 1
L3 programming layer <2024-01-04>
Lua module: luaotfload 2023-08-31 3.26 Lua based OpenType font support
Lua module: lualibs 2023-07-13 2.76 ConTeXt Lua standard libraries.
Lua module: lualibs-extended 2023-07-13 2.76 ConTeXt Lua libraries -- extended c
ollection.
luaotfload | conf : Root cache directory is "C:/Users/fonta/AppData/Local/MiKTeX
/luatex-cache/generic/names".
luaotfload | init : Loading fontloader "fontloader-2023-08-19.lua" from kpse-res
olved path "C:/Users/fonta/AppData/Local/Programs/MiKTeX/tex/luatex/luaotfload/f
ontloader-2023-08-19.lua".
Lua-only attribute luaotfload@noligature = 1
luaotfload | init : Context OpenType loader version 3.133
Inserting `luaotfload.node_processor' in `pre_linebreak_filter'.
Inserting `luaotfload.node_processor' in `hpack_filter'.
Inserting `luaotfload.glyph_stream' in `glyph_stream_provider'.
Inserting `luaotfload.define_font' in `define_font'.
Lua-only attribute luaotfload_color_attribute = 2
luaotfload | conf : Root cache directory is "C:/Users/fonta/AppData/Local/MiKTeX
/luatex-cache/generic/names".
Inserting `luaotfload.harf.strip_prefix' in `find_opentype_file'.
Inserting `luaotfload.harf.strip_prefix' in `find_truetype_file'.
Removing  `luaotfload.glyph_stream' from `glyph_stream_provider'.
Inserting `luaotfload.harf.glyphstream' in `glyph_stream_provider'.
Inserting `luaotfload.harf.finalize_vlist' in `post_linebreak_filter'.
Inserting `luaotfload.harf.finalize_hlist' in `hpack_filter'.
Inserting `luaotfload.cleanup_files' in `wrapup_run'.
Inserting `luaotfload.harf.finalize_unicode' in `finish_pdffile'.
Inserting `luaotfload.glyphinfo' in `glyph_info'.
Lua-only attribute luaotfload.letterspace_done = 3
Inserting `luaotfload.aux.set_sscale_dimens' in `luaotfload.patch_font'.
Inserting `luaotfload.aux.set_font_index' in `luaotfload.patch_font'.
Inserting `luaotfload.aux.patch_cambria_domh' in `luaotfload.patch_font'.
Inserting `luaotfload.aux.fixup_fontdata' in `luaotfload.patch_font_unsafe'.
Inserting `luaotfload.aux.set_capheight' in `luaotfload.patch_font'.
Inserting `luaotfload.aux.set_xheight' in `luaotfload.patch_font'.
Inserting `luaotfload.rewrite_fontname' in `luaotfload.patch_font'.
Inserting `tracingstacklevels' in `input_level_string'. (C:/Users/fonta/AppData
/Local/Programs/MiKTeX/tex/latex/beamer/beamer.cls
Document Class: beamer 2024/01/06 v3.71 A class for typesetting presentations

(C:/Users/fonta/AppData/Local/Programs/MiKTeX/tex/latex/beamer/beamerbasemodes.
sty
(C:/Users/fonta/AppData/Local/Programs/MiKTeX/tex/latex/etoolbox/etoolbox.sty
Package: etoolbox 2020/10/05 v2.5k e-TeX tools for LaTeX (JAW)
\etb@tempcnta=\count185
)
\beamer@tempbox=\box51
\beamer@tempcount=\count186
\c@beamerpauses=\count187

(C:/Users/fonta/AppData/Local/Programs/MiKTeX/tex/latex/beamer/beamerbasedecode
.sty
\beamer@slideinframe=\count188
\beamer@minimum=\count189
\beamer@decode@box=\box52
)
\beamer@commentbox=\box53
\beamer@modecount=\count190
)
(C:/Users/fonta/AppData/Local/Programs/MiKTeX/tex/generic/iftex/iftex.sty
Package: iftex 2022/02/03 v1.0f TeX engine tests
)
\headdp=\dimen139
\footheight=\dimen140
\sidebarheight=\dimen141
\beamer@tempdim=\dimen142
\beamer@finalheight=\dimen143
\beamer@animht=\dimen144
\beamer@animdp=\dimen145
\beamer@animwd=\dimen146
\beamer@leftmargin=\dimen147
\beamer@rightmargin=\dimen148
\beamer@leftsidebar=\dimen149
\beamer@rightsidebar=\dimen150
\beamer@boxsize=\dimen151
\beamer@vboxoffset=\dimen152
\beamer@descdefault=\dimen153
\beamer@descriptionwidth=\dimen154
\beamer@lastskip=\skip48
\beamer@areabox=\box54
\beamer@animcurrent=\box55
\beamer@animshowbox=\box56
\beamer@sectionbox=\box57
\beamer@logobox=\box58
\beamer@linebox=\box59
\beamer@sectioncount=\count191
\beamer@subsubsectionmax=\count192
\beamer@subsectionmax=\count193
\beamer@sectionmax=\count194
\beamer@totalheads=\count195
\beamer@headcounter=\count196
\beamer@partstartpage=\count197
\beamer@sectionstartpage=\count198
\beamer@subsectionstartpage=\count199
\beamer@animationtempa=\count266
\beamer@animationtempb=\count267
\beamer@xpos=\count268
\beamer@ypos=\count269
\beamer@ypos@offset=\count270
\beamer@showpartnumber=\count271
\beamer@currentsubsection=\count272
\beamer@coveringdepth=\count273
\beamer@sectionadjust=\count274
\beamer@toclastsection=\count275
\beamer@tocsectionnumber=\count276

(C:/Users/fonta/AppData/Local/Programs/MiKTeX/tex/latex/beamer/beamerbaseoption
s.sty
(C:/Users/fonta/AppData/Local/Programs/MiKTeX/tex/latex/graphics/keyval.sty
Package: keyval 2022/05/29 v1.15 key=value parser (DPC)
\KV@toks@=\toks17
))
\beamer@paperwidth=\skip49
\beamer@paperheight=\skip50

(C:/Users/fonta/AppData/Local/Programs/MiKTeX/tex/latex/geometry/geometry.sty
Package: geometry 2020/01/02 v5.9 Page Geometry

(C:/Users/fonta/AppData/Local/Programs/MiKTeX/tex/generic/iftex/ifvtex.sty
Package: ifvtex 2019/10/25 v1.7 ifvtex legacy package. Use iftex instead.
)
\Gm@cnth=\count277
\Gm@cntv=\count278
\c@Gm@tempcnt=\count279
\Gm@bindingoffset=\dimen155
\Gm@wd@mp=\dimen156
\Gm@odd@mp=\dimen157
\Gm@even@mp=\dimen158
\Gm@layoutwidth=\dimen159
\Gm@layoutheight=\dimen160
\Gm@layouthoffset=\dimen161
\Gm@layoutvoffset=\dimen162
\Gm@dimlist=\toks18

(C:/Users/fonta/AppData/Local/Programs/MiKTeX/tex/latex/geometry/geometry.cfg)) (C:/Users/fonta/AppData/Local/Programs/MiKTeX/tex/latex/pgf/math/pgfmath.sty
(C:/Users/fonta/AppData/Local/Programs/MiKTeX/tex/latex/pgf/utilities/pgfrcs.st
y
(C:/Users/fonta/AppData/Local/Programs/MiKTeX/tex/generic/pgf/utilities/pgfutil
-common.tex
\pgfutil@everybye=\toks19
\pgfutil@tempdima=\dimen163
\pgfutil@tempdimb=\dimen164
)
(C:/Users/fonta/AppData/Local/Programs/MiKTeX/tex/generic/pgf/utilities/pgfutil
-latex.def
\pgfutil@abb=\box60
)
(C:/Users/fonta/AppData/Local/Programs/MiKTeX/tex/generic/pgf/utilities/pgfrcs.
code.tex
(C:/Users/fonta/AppData/Local/Programs/MiKTeX/tex/generic/pgf/pgf.revision.tex)
Package: pgfrcs 2023-01-15 v3.1.10 (3.1.10)
))
(C:/Users/fonta/AppData/Local/Programs/MiKTeX/tex/latex/pgf/utilities/pgfkeys.s
ty
(C:/Users/fonta/AppData/Local/Programs/MiKTeX/tex/generic/pgf/utilities/pgfkeys
.code.tex
\pgfkeys@pathtoks=\toks20
\pgfkeys@temptoks=\toks21

(C:/Users/fonta/AppData/Local/Programs/MiKTeX/tex/generic/pgf/utilities/pgfkeys
libraryfiltered.code.tex
\pgfkeys@tmptoks=\toks22
)))
(C:/Users/fonta/AppData/Local/Programs/MiKTeX/tex/generic/pgf/math/pgfmath.code
.tex
(C:/Users/fonta/AppData/Local/Programs/MiKTeX/tex/generic/pgf/math/pgfmathutil.
code.tex
\pgf@x=\dimen165
\pgf@xa=\dimen166
\pgf@xb=\dimen167
\pgf@xc=\dimen168
\pgf@y=\dimen169
\pgf@ya=\dimen170
\pgf@yb=\dimen171
\pgf@yc=\dimen172
\c@pgf@counta=\count280
\c@pgf@countb=\count281
\c@pgf@countc=\count282
\c@pgf@countd=\count283
)
(C:/Users/fonta/AppData/Local/Programs/MiKTeX/tex/generic/pgf/math/pgfmathparse
r.code.tex
\pgfmath@dimen=\dimen173
\pgfmath@count=\count284
\pgfmath@box=\box61
\pgfmath@toks=\toks23
\pgfmath@stack@operand=\toks24
\pgfmath@stack@operation=\toks25
)
(C:/Users/fonta/AppData/Local/Programs/MiKTeX/tex/generic/pgf/math/pgfmathfunct
ions.code.tex)
(C:/Users/fonta/AppData/Local/Programs/MiKTeX/tex/generic/pgf/math/pgfmathfunct
ions.basic.code.tex)
(C:/Users/fonta/AppData/Local/Programs/MiKTeX/tex/generic/pgf/math/pgfmathfunct
ions.trigonometric.code.tex)
(C:/Users/fonta/AppData/Local/Programs/MiKTeX/tex/generic/pgf/math/pgfmathfunct
ions.random.code.tex)
(C:/Users/fonta/AppData/Local/Programs/MiKTeX/tex/generic/pgf/math/pgfmathfunct
ions.comparison.code.tex)
(C:/Users/fonta/AppData/Local/Programs/MiKTeX/tex/generic/pgf/math/pgfmathfunct
ions.base.code.tex)
(C:/Users/fonta/AppData/Local/Programs/MiKTeX/tex/generic/pgf/math/pgfmathfunct
ions.round.code.tex)
(C:/Users/fonta/AppData/Local/Programs/MiKTeX/tex/generic/pgf/math/pgfmathfunct
ions.misc.code.tex)
(C:/Users/fonta/AppData/Local/Programs/MiKTeX/tex/generic/pgf/math/pgfmathfunct
ions.integerarithmetics.code.tex)
(C:/Users/fonta/AppData/Local/Programs/MiKTeX/tex/generic/pgf/math/pgfmathcalc.
code.tex)
(C:/Users/fonta/AppData/Local/Programs/MiKTeX/tex/generic/pgf/math/pgfmathfloat
.code.tex
\c@pgfmathroundto@lastzeros=\count285
)))
(C:/Users/fonta/AppData/Local/Programs/MiKTeX/tex/latex/base/size11.clo
File: size11.clo 2023/05/17 v1.4n Standard LaTeX file (size option)
luaotfload | db : Font names database loaded from C:/Users/fonta/AppData/Local/M
iKTeX/luatex-cache/generic/names/luaotfload-names.luc.gz)
(C:/Users/fonta/AppData/Local/Programs/MiKTeX/tex/latex/pgf/basiclayer/pgfcore.
sty
(C:/Users/fonta/AppData/Local/Programs/MiKTeX/tex/latex/graphics/graphicx.sty
Package: graphicx 2021/09/16 v1.2d Enhanced LaTeX Graphics (DPC,SPQR)

(C:/Users/fonta/AppData/Local/Programs/MiKTeX/tex/latex/graphics/graphics.sty
Package: graphics 2022/03/10 v1.4e Standard LaTeX Graphics (DPC,SPQR)

(C:/Users/fonta/AppData/Local/Programs/MiKTeX/tex/latex/graphics/trig.sty
Package: trig 2021/08/11 v1.11 sin cos tan (DPC)
)
(C:/Users/fonta/AppData/Local/Programs/MiKTeX/tex/latex/graphics-cfg/graphics.c
fg
File: graphics.cfg 2016/06/04 v1.11 sample graphics configuration
)
Package graphics Info: Driver file: luatex.def on input line 107.

(C:/Users/fonta/AppData/Local/Programs/MiKTeX/tex/latex/graphics-def/luatex.def
File: luatex.def 2022/09/22 v1.2d Graphics/color driver for luatex
))
\Gin@req@height=\dimen174
\Gin@req@width=\dimen175
)
(C:/Users/fonta/AppData/Local/Programs/MiKTeX/tex/latex/pgf/systemlayer/pgfsys.
sty
(C:/Users/fonta/AppData/Local/Programs/MiKTeX/tex/generic/pgf/systemlayer/pgfsy
s.code.tex
Package: pgfsys 2023-01-15 v3.1.10 (3.1.10)
\pgf@x=\dimen176
\pgf@y=\dimen177
\pgf@xa=\dimen178
\pgf@ya=\dimen179
\pgf@xb=\dimen180
\pgf@yb=\dimen181
\pgf@xc=\dimen182
\pgf@yc=\dimen183
\pgf@xd=\dimen184
\pgf@yd=\dimen185
\w@pgf@writea=\write3
\r@pgf@reada=\read2
\c@pgf@counta=\count286
\c@pgf@countb=\count287
\c@pgf@countc=\count288
\c@pgf@countd=\count289
\t@pgf@toka=\toks26
\t@pgf@tokb=\toks27
\t@pgf@tokc=\toks28
\pgf@sys@id@count=\count290

(C:/Users/fonta/AppData/Local/Programs/MiKTeX/tex/generic/pgf/systemlayer/pgf.c
fg
File: pgf.cfg 2023-01-15 v3.1.10 (3.1.10)
)
Driver file for pgf: pgfsys-luatex.def

(C:/Users/fonta/AppData/Local/Programs/MiKTeX/tex/generic/pgf/systemlayer/pgfsy
s-luatex.def
File: pgfsys-luatex.def 2023-01-15 v3.1.10 (3.1.10)

(C:/Users/fonta/AppData/Local/Programs/MiKTeX/tex/generic/pgf/systemlayer/pgfsy
s-common-pdf.def
File: pgfsys-common-pdf.def 2023-01-15 v3.1.10 (3.1.10)
)))
(C:/Users/fonta/AppData/Local/Programs/MiKTeX/tex/generic/pgf/systemlayer/pgfsy
ssoftpath.code.tex
File: pgfsyssoftpath.code.tex 2023-01-15 v3.1.10 (3.1.10)
\pgfsyssoftpath@smallbuffer@items=\count291
\pgfsyssoftpath@bigbuffer@items=\count292
)
(C:/Users/fonta/AppData/Local/Programs/MiKTeX/tex/generic/pgf/systemlayer/pgfsy
sprotocol.code.tex
File: pgfsysprotocol.code.tex 2023-01-15 v3.1.10 (3.1.10)
))
(C:/Users/fonta/AppData/Local/Programs/MiKTeX/tex/latex/xcolor/xcolor.sty
Package: xcolor 2023/11/15 v3.01 LaTeX color extensions (UK)

(C:/Users/fonta/AppData/Local/Programs/MiKTeX/tex/latex/graphics-cfg/color.cfg
File: color.cfg 2016/01/02 v1.6 sample color configuration
)
Package xcolor Info: Driver file: luatex.def on input line 274.
(C:/Users/fonta/AppData/Local/Programs/MiKTeX/tex/latex/graphics/mathcolor.ltx)
Package xcolor Info: Model `cmy' substituted by `cmy0' on input line 1350.
Package xcolor Info: Model `hsb' substituted by `rgb' on input line 1354.
Package xcolor Info: Model `RGB' extended on input line 1366.
Package xcolor Info: Model `HTML' substituted by `rgb' on input line 1368.
Package xcolor Info: Model `Hsb' substituted by `hsb' on input line 1369.
Package xcolor Info: Model `tHsb' substituted by `hsb' on input line 1370.
Package xcolor Info: Model `HSB' substituted by `hsb' on input line 1371.
Package xcolor Info: Model `Gray' substituted by `gray' on input line 1372.
Package xcolor Info: Model `wave' substituted by `hsb' on input line 1373.
) (C:/Users/fonta/AppData/Local/Programs/MiKTeX/tex/latex/graphics/dvipsnam.def
File: dvipsnam.def 2016/06/17 v3.0m Driver-dependent file (DPC,SPQR)
)
(C:/Users/fonta/AppData/Local/Programs/MiKTeX/tex/generic/pgf/basiclayer/pgfcor
e.code.tex
Package: pgfcore 2023-01-15 v3.1.10 (3.1.10)

(C:/Users/fonta/AppData/Local/Programs/MiKTeX/tex/generic/pgf/math/pgfint.code.
tex)
(C:/Users/fonta/AppData/Local/Programs/MiKTeX/tex/generic/pgf/basiclayer/pgfcor
epoints.code.tex
File: pgfcorepoints.code.tex 2023-01-15 v3.1.10 (3.1.10)
\pgf@picminx=\dimen186
\pgf@picmaxx=\dimen187
\pgf@picminy=\dimen188
\pgf@picmaxy=\dimen189
\pgf@pathminx=\dimen190
\pgf@pathmaxx=\dimen191
\pgf@pathminy=\dimen192
\pgf@pathmaxy=\dimen193
\pgf@xx=\dimen194
\pgf@xy=\dimen195
\pgf@yx=\dimen196
\pgf@yy=\dimen197
\pgf@zx=\dimen198
\pgf@zy=\dimen199
)
(C:/Users/fonta/AppData/Local/Programs/MiKTeX/tex/generic/pgf/basiclayer/pgfcor
epathconstruct.code.tex
File: pgfcorepathconstruct.code.tex 2023-01-15 v3.1.10 (3.1.10)
\pgf@path@lastx=\dimen256
\pgf@path@lasty=\dimen257
)
(C:/Users/fonta/AppData/Local/Programs/MiKTeX/tex/generic/pgf/basiclayer/pgfcor
epathusage.code.tex
File: pgfcorepathusage.code.tex 2023-01-15 v3.1.10 (3.1.10)
\pgf@shorten@end@additional=\dimen258
\pgf@shorten@start@additional=\dimen259
)
(C:/Users/fonta/AppData/Local/Programs/MiKTeX/tex/generic/pgf/basiclayer/pgfcor
escopes.code.tex
File: pgfcorescopes.code.tex 2023-01-15 v3.1.10 (3.1.10)
\pgfpic=\box62
\pgf@hbox=\box63
\pgf@layerbox@main=\box64
\pgf@picture@serial@count=\count293
)
(C:/Users/fonta/AppData/Local/Programs/MiKTeX/tex/generic/pgf/basiclayer/pgfcor
egraphicstate.code.tex
File: pgfcoregraphicstate.code.tex 2023-01-15 v3.1.10 (3.1.10)
\pgflinewidth=\dimen260
)
(C:/Users/fonta/AppData/Local/Programs/MiKTeX/tex/generic/pgf/basiclayer/pgfcor
etransformations.code.tex
File: pgfcoretransformations.code.tex 2023-01-15 v3.1.10 (3.1.10)
\pgf@pt@x=\dimen261
\pgf@pt@y=\dimen262
\pgf@pt@temp=\dimen263
)
(C:/Users/fonta/AppData/Local/Programs/MiKTeX/tex/generic/pgf/basiclayer/pgfcor
equick.code.tex
File: pgfcorequick.code.tex 2023-01-15 v3.1.10 (3.1.10)
)
(C:/Users/fonta/AppData/Local/Programs/MiKTeX/tex/generic/pgf/basiclayer/pgfcor
eobjects.code.tex
File: pgfcoreobjects.code.tex 2023-01-15 v3.1.10 (3.1.10)
)
(C:/Users/fonta/AppData/Local/Programs/MiKTeX/tex/generic/pgf/basiclayer/pgfcor
epathprocessing.code.tex
File: pgfcorepathprocessing.code.tex 2023-01-15 v3.1.10 (3.1.10)
)
(C:/Users/fonta/AppData/Local/Programs/MiKTeX/tex/generic/pgf/basiclayer/pgfcor
earrows.code.tex
File: pgfcorearrows.code.tex 2023-01-15 v3.1.10 (3.1.10)
\pgfarrowsep=\dimen264
)
(C:/Users/fonta/AppData/Local/Programs/MiKTeX/tex/generic/pgf/basiclayer/pgfcor
eshade.code.tex
File: pgfcoreshade.code.tex 2023-01-15 v3.1.10 (3.1.10)
\pgf@max=\dimen265
\pgf@sys@shading@range@num=\count294
\pgf@shadingcount=\count295
)
(C:/Users/fonta/AppData/Local/Programs/MiKTeX/tex/generic/pgf/basiclayer/pgfcor
eimage.code.tex
File: pgfcoreimage.code.tex 2023-01-15 v3.1.10 (3.1.10)
)
(C:/Users/fonta/AppData/Local/Programs/MiKTeX/tex/generic/pgf/basiclayer/pgfcor
eexternal.code.tex
File: pgfcoreexternal.code.tex 2023-01-15 v3.1.10 (3.1.10)
\pgfexternal@startupbox=\box65
)
(C:/Users/fonta/AppData/Local/Programs/MiKTeX/tex/generic/pgf/basiclayer/pgfcor
elayers.code.tex
File: pgfcorelayers.code.tex 2023-01-15 v3.1.10 (3.1.10)
)
(C:/Users/fonta/AppData/Local/Programs/MiKTeX/tex/generic/pgf/basiclayer/pgfcor
etransparency.code.tex
File: pgfcoretransparency.code.tex 2023-01-15 v3.1.10 (3.1.10)
)
(C:/Users/fonta/AppData/Local/Programs/MiKTeX/tex/generic/pgf/basiclayer/pgfcor
epatterns.code.tex
File: pgfcorepatterns.code.tex 2023-01-15 v3.1.10 (3.1.10)
)
(C:/Users/fonta/AppData/Local/Programs/MiKTeX/tex/generic/pgf/basiclayer/pgfcor
erdf.code.tex
File: pgfcorerdf.code.tex 2023-01-15 v3.1.10 (3.1.10)
)))
(C:/Users/fonta/AppData/Local/Programs/MiKTeX/tex/latex/pgf/utilities/xxcolor.s
ty
Package: xxcolor 2003/10/24 ver 0.1
\XC@nummixins=\count296
\XC@countmixins=\count297
)
(C:/Users/fonta/AppData/Local/Programs/MiKTeX/tex/latex/base/atbegshi-ltx.sty
Package: atbegshi-ltx 2021/01/10 v1.0c Emulation of the original atbegshi
package with kernel methods
)
(C:/Users/fonta/AppData/Local/Programs/MiKTeX/tex/latex/hyperref/hyperref.sty
Package: hyperref 2023-11-26 v7.01g Hypertext links for LaTeX

(C:/Users/fonta/AppData/Local/Programs/MiKTeX/tex/generic/infwarerr/infwarerr.s
ty
Package: infwarerr 2019/12/03 v1.5 Providing info/warning/error messages (HO)
)
(C:/Users/fonta/AppData/Local/Programs/MiKTeX/tex/latex/kvsetkeys/kvsetkeys.sty
Package: kvsetkeys 2022-10-05 v1.19 Key value parser (HO)
)
(C:/Users/fonta/AppData/Local/Programs/MiKTeX/tex/generic/kvdefinekeys/kvdefine
keys.sty
Package: kvdefinekeys 2019-12-19 v1.6 Define keys (HO)
)
(C:/Users/fonta/AppData/Local/Programs/MiKTeX/tex/generic/pdfescape/pdfescape.s
ty
Package: pdfescape 2019/12/09 v1.15 Implements pdfTeX's escape features (HO)

(C:/Users/fonta/AppData/Local/Programs/MiKTeX/tex/generic/ltxcmds/ltxcmds.sty
Package: ltxcmds 2023-12-04 v1.26 LaTeX kernel commands for general use (HO)
)
(C:/Users/fonta/AppData/Local/Programs/MiKTeX/tex/generic/pdftexcmds/pdftexcmds
.sty
Package: pdftexcmds 2020-06-27 v0.33 Utility functions of pdfTeX for LuaTeX (HO
)
Package pdftexcmds Info: \pdf@primitive is available.
Package pdftexcmds Info: \pdf@ifprimitive is available.
Package pdftexcmds Info: \pdfdraftmode found.
\pdftexcmds@toks=\toks29
))
(C:/Users/fonta/AppData/Local/Programs/MiKTeX/tex/latex/hycolor/hycolor.sty
Package: hycolor 2020-01-27 v1.10 Color options for hyperref/bookmark (HO)
)
(C:/Users/fonta/AppData/Local/Programs/MiKTeX/tex/latex/letltxmacro/letltxmacro
.sty
Package: letltxmacro 2019/12/03 v1.6 Let assignment for LaTeX macros (HO)
)
(C:/Users/fonta/AppData/Local/Programs/MiKTeX/tex/latex/auxhook/auxhook.sty
Package: auxhook 2019-12-17 v1.6 Hooks for auxiliary files (HO)
)
(C:/Users/fonta/AppData/Local/Programs/MiKTeX/tex/latex/hyperref/nameref.sty
Package: nameref 2023-11-26 v2.56 Cross-referencing by name of section

(C:/Users/fonta/AppData/Local/Programs/MiKTeX/tex/latex/refcount/refcount.sty
Package: refcount 2019/12/15 v3.6 Data extraction from label references (HO)
)
(C:/Users/fonta/AppData/Local/Programs/MiKTeX/tex/generic/gettitlestring/gettit
lestring.sty
Package: gettitlestring 2019/12/15 v1.6 Cleanup title references (HO)

(C:/Users/fonta/AppData/Local/Programs/MiKTeX/tex/latex/kvoptions/kvoptions.sty
Package: kvoptions 2022-06-15 v3.15 Key value format for package options (HO)
))
\c@section@level=\count298
)
\@linkdim=\dimen266
\Hy@linkcounter=\count299
\Hy@pagecounter=\count300
 (C:/Users/fonta/AppData/Local/Programs/MiKTeX/tex/latex/hyperref/pd1enc.def
File: pd1enc.def 2023-11-26 v7.01g Hyperref: PDFDocEncoding definition (HO)
) (C:/Users/fonta/AppData/Local/Programs/MiKTeX/tex/generic/intcalc/intcalc.sty
Package: intcalc 2019/12/15 v1.3 Expandable calculations with integers (HO)
)
\Hy@SavedSpaceFactor=\count301
 (C:/Users/fonta/AppData/Local/Programs/MiKTeX/tex/latex/hyperref/puenc.def
File: puenc.def 2023-11-26 v7.01g Hyperref: PDF Unicode definition (HO)
)
Package hyperref Info: Option `bookmarks' set `true' on input line 4064.
Package hyperref Info: Option `bookmarksopen' set `true' on input line 4064.
Package hyperref Info: Option `implicit' set `false' on input line 4064.
Package hyperref Info: Hyper figures OFF on input line 4181.
Package hyperref Info: Link nesting OFF on input line 4186.
Package hyperref Info: Hyper index ON on input line 4189.
Package hyperref Info: Plain pages OFF on input line 4196.
Package hyperref Info: Backreferencing OFF on input line 4201.
Package hyperref Info: Implicit mode OFF; no redefinition of LaTeX internals.
Package hyperref Info: Bookmarks ON on input line 4448.
\c@Hy@tempcnt=\count302

(C:/Users/fonta/AppData/Local/Programs/MiKTeX/tex/latex/url/url.sty
\Urlmuskip=\muskip16
Package: url 2013/09/16  ver 3.4  Verb mode for urls, etc.
)
LaTeX Info: Redefining \url on input line 4786.
\XeTeXLinkMargin=\dimen267

(C:/Users/fonta/AppData/Local/Programs/MiKTeX/tex/generic/bitset/bitset.sty
Package: bitset 2019/12/09 v1.3 Handle bit-vector datatype (HO)

(C:/Users/fonta/AppData/Local/Programs/MiKTeX/tex/generic/bigintcalc/bigintcalc
.sty
Package: bigintcalc 2019/12/15 v1.5 Expandable calculations on big integers (HO
)
))
\Fld@menulength=\count303
\Field@Width=\dimen268
\Fld@charsize=\dimen269
Package hyperref Info: Hyper figures OFF on input line 6065.
Package hyperref Info: Link nesting OFF on input line 6070.
Package hyperref Info: Hyper index ON on input line 6073.
Package hyperref Info: backreferencing OFF on input line 6080.
Package hyperref Info: Link coloring OFF on input line 6085.
Package hyperref Info: Link coloring with OCG OFF on input line 6090.
Package hyperref Info: PDF/A mode OFF on input line 6095.
\Hy@abspage=\count304


Package hyperref Message: Stopped early.

)
Package hyperref Info: Driver (autodetected): hluatex.
 (C:/Users/fonta/AppData/Local/Programs/MiKTeX/tex/latex/hyperref/hluatex.def
File: hluatex.def 2023-11-26 v7.01g Hyperref driver for luaTeX

(C:/Users/fonta/AppData/Local/Programs/MiKTeX/tex/generic/stringenc/stringenc.s
ty
Package: stringenc 2019/11/29 v1.12 Convert strings between diff. encodings (HO
)
)
(C:/Users/fonta/AppData/Local/Programs/MiKTeX/tex/latex/base/atveryend-ltx.sty
Package: atveryend-ltx 2020/08/19 v1.0a Emulation of the original atveryend pac
kage
with kernel methods
)
\Fld@listcount=\count305
\c@bookmark@seq@number=\count306

(C:/Users/fonta/AppData/Local/Programs/MiKTeX/tex/latex/rerunfilecheck/rerunfil
echeck.sty
Package: rerunfilecheck 2022-07-10 v1.10 Rerun checks for auxiliary files (HO)

(C:/Users/fonta/AppData/Local/Programs/MiKTeX/tex/generic/uniquecounter/uniquec
ounter.sty
Package: uniquecounter 2019/12/15 v1.4 Provide unlimited unique counter (HO)
)
Package uniquecounter Info: New unique counter `rerunfilecheck' on input line 2
85.
))
(C:/Users/fonta/AppData/Local/Programs/MiKTeX/tex/latex/beamer/beamerbaserequir
es.sty
(C:/Users/fonta/AppData/Local/Programs/MiKTeX/tex/latex/beamer/beamerbasecompat
ibility.sty)
(C:/Users/fonta/AppData/Local/Programs/MiKTeX/tex/latex/beamer/beamerbasefont.s
ty (C:/Users/fonta/AppData/Local/Programs/MiKTeX/tex/latex/amsfonts/amssymb.sty
Package: amssymb 2013/01/14 v3.01 AMS font symbols
(C:/Users/fonta/AppData/Local/Programs/MiKTeX/tex/latex/amsfonts/amsfonts.sty
Package: amsfonts 2013/01/14 v3.01 Basic AMSFonts support
\@emptytoks=\toks30
\symAMSa=\mathgroup4
\symAMSb=\mathgroup5
LaTeX Font Info:    Redeclaring math symbol \hbar on input line 98.
LaTeX Font Info:    Overwriting math alphabet `\mathfrak' in version `bold'
(Font)                  U/euf/m/n --> U/euf/b/n on input line 106.
))
(C:/Users/fonta/AppData/Local/Programs/MiKTeX/tex/latex/sansmathaccent/sansmath
accent.sty
Package: sansmathaccent 2020/01/31

(C:/Users/fonta/AppData/Local/Programs/MiKTeX/tex/latex/koma-script/scrlfile.st
y
Package: scrlfile 2023/07/07 v3.41 KOMA-Script package (file load hooks)

(C:/Users/fonta/AppData/Local/Programs/MiKTeX/tex/latex/koma-script/scrlfile-ho
ok.sty
Package: scrlfile-hook 2023/07/07 v3.41 KOMA-Script package (using LaTeX hooks)


(C:/Users/fonta/AppData/Local/Programs/MiKTeX/tex/latex/koma-script/scrlogo.sty
Package: scrlogo 2023/07/07 v3.41 KOMA-Script package (logo)
)))))
(C:/Users/fonta/AppData/Local/Programs/MiKTeX/tex/latex/beamer/beamerbasetransl
ator.sty
(C:/Users/fonta/AppData/Local/Programs/MiKTeX/tex/latex/translator/translator.s
ty
Package: translator 2021-05-31 v1.12d Easy translation of strings in LaTeX
))
(C:/Users/fonta/AppData/Local/Programs/MiKTeX/tex/latex/beamer/beamerbasemisc.s
ty)
(C:/Users/fonta/AppData/Local/Programs/MiKTeX/tex/latex/beamer/beamerbasetwoscr
eens.sty)
(C:/Users/fonta/AppData/Local/Programs/MiKTeX/tex/latex/beamer/beamerbaseoverla
y.sty
\beamer@argscount=\count307
\beamer@lastskipcover=\skip51
\beamer@trivlistdepth=\count308
)
(C:/Users/fonta/AppData/Local/Programs/MiKTeX/tex/latex/beamer/beamerbasetitle.
sty)
(C:/Users/fonta/AppData/Local/Programs/MiKTeX/tex/latex/beamer/beamerbasesectio
n.sty
\c@lecture=\count309
\c@part=\count310
\c@section=\count311
\c@subsection=\count312
\c@subsubsection=\count313
)
(C:/Users/fonta/AppData/Local/Programs/MiKTeX/tex/latex/beamer/beamerbaseframe.
sty
\beamer@framebox=\box66
\beamer@frametitlebox=\box67
\beamer@zoombox=\box68
\beamer@zoomcount=\count314
\beamer@zoomframecount=\count315
\beamer@frametextheight=\dimen270
\c@subsectionslide=\count316
\beamer@frametopskip=\skip52
\beamer@framebottomskip=\skip53
\beamer@frametopskipautobreak=\skip54
\beamer@framebottomskipautobreak=\skip55
\beamer@envbody=\toks31
\framewidth=\dimen271
\c@framenumber=\count317
)
(C:/Users/fonta/AppData/Local/Programs/MiKTeX/tex/latex/beamer/beamerbaseverbat
im.sty
\beamer@verbatimfileout=\write4
)
(C:/Users/fonta/AppData/Local/Programs/MiKTeX/tex/latex/beamer/beamerbaseframes
ize.sty
\beamer@splitbox=\box69
\beamer@autobreakcount=\count318
\beamer@autobreaklastheight=\dimen272
\beamer@frametitletoks=\toks32
\beamer@framesubtitletoks=\toks33
)
(C:/Users/fonta/AppData/Local/Programs/MiKTeX/tex/latex/beamer/beamerbaseframec
omponents.sty
\beamer@footins=\box70
)
(C:/Users/fonta/AppData/Local/Programs/MiKTeX/tex/latex/beamer/beamerbasecolor.
sty)
(C:/Users/fonta/AppData/Local/Programs/MiKTeX/tex/latex/beamer/beamerbasenotes.
sty
\beamer@frameboxcopy=\box71
)
(C:/Users/fonta/AppData/Local/Programs/MiKTeX/tex/latex/beamer/beamerbasetoc.st
y)
(C:/Users/fonta/AppData/Local/Programs/MiKTeX/tex/latex/beamer/beamerbasetempla
tes.sty
\beamer@sbttoks=\toks34

(C:/Users/fonta/AppData/Local/Programs/MiKTeX/tex/latex/beamer/beamerbaseauxtem
plates.sty
(C:/Users/fonta/AppData/Local/Programs/MiKTeX/tex/latex/beamer/beamerbaseboxes.
sty
\bmb@box=\box72
\bmb@colorbox=\box73
\bmb@boxwidth=\dimen273
\bmb@boxheight=\dimen274
\bmb@prevheight=\dimen275
\bmb@temp=\dimen276
\bmb@dima=\dimen277
\bmb@dimb=\dimen278
\bmb@prevheight=\dimen279
)
\beamer@blockheadheight=\dimen280
))
(C:/Users/fonta/AppData/Local/Programs/MiKTeX/tex/latex/beamer/beamerbaselocals
tructure.sty
(C:/Users/fonta/AppData/Local/Programs/MiKTeX/tex/latex/tools/enumerate.sty
Package: enumerate 2023/07/04 v3.00 enumerate extensions (DPC)
\@enLab=\toks35
)
\beamer@bibiconwidth=\skip56
\c@figure=\count319
\c@table=\count320
\abovecaptionskip=\skip57
\belowcaptionskip=\skip58
)
(C:/Users/fonta/AppData/Local/Programs/MiKTeX/tex/latex/beamer/beamerbasenaviga
tion.sty
(C:/Users/fonta/AppData/Local/Programs/MiKTeX/tex/latex/beamer/beamerbasenaviga
tionsymbols.tex)
\beamer@section@min@dim=\dimen281
)
(C:/Users/fonta/AppData/Local/Programs/MiKTeX/tex/latex/beamer/beamerbasetheore
ms.sty
(C:/Users/fonta/AppData/Local/Programs/MiKTeX/tex/latex/amsmath/amsmath.sty
Package: amsmath 2023/05/13 v2.17o AMS math features
\@mathmargin=\skip59

For additional information on amsmath, use the `?' option.
(C:/Users/fonta/AppData/Local/Programs/MiKTeX/tex/latex/amsmath/amstext.sty
Package: amstext 2021/08/26 v2.01 AMS text

(C:/Users/fonta/AppData/Local/Programs/MiKTeX/tex/latex/amsmath/amsgen.sty
File: amsgen.sty 1999/11/30 v2.0 generic functions
\@emptytoks=\toks36
\ex@=\dimen282
))
(C:/Users/fonta/AppData/Local/Programs/MiKTeX/tex/latex/amsmath/amsbsy.sty
Package: amsbsy 1999/11/29 v1.2d Bold Symbols
\pmbraise@=\dimen283
)
(C:/Users/fonta/AppData/Local/Programs/MiKTeX/tex/latex/amsmath/amsopn.sty
Package: amsopn 2022/04/08 v2.04 operator names
)
\inf@bad=\count321
LaTeX Info: Redefining \frac on input line 236.
\uproot@=\count322
\leftroot@=\count323
LaTeX Info: Redefining \overline on input line 399.
LaTeX Info: Redefining \colon on input line 410.
\classnum@=\count324
\DOTSCASE@=\count325
LaTeX Info: Redefining \ldots on input line 496.
LaTeX Info: Redefining \dots on input line 499.
LaTeX Info: Redefining \cdots on input line 620.
\Mathstrutbox@=\box74
\strutbox@=\box75
LaTeX Info: Redefining \big on input line 722.
LaTeX Info: Redefining \Big on input line 723.
LaTeX Info: Redefining \bigg on input line 724.
LaTeX Info: Redefining \Bigg on input line 725.
\big@size=\dimen284
LaTeX Font Info:    Redeclaring font encoding OML on input line 743.
LaTeX Font Info:    Redeclaring font encoding OMS on input line 744.
\macc@depth=\count326
LaTeX Info: Redefining \bmod on input line 905.
LaTeX Info: Redefining \pmod on input line 910.
LaTeX Info: Redefining \smash on input line 940.
LaTeX Info: Redefining \relbar on input line 970.
LaTeX Info: Redefining \Relbar on input line 971.
\c@MaxMatrixCols=\count327
\dotsspace@=\muskip17
\c@parentequation=\count328
\dspbrk@lvl=\count329
\tag@help=\toks37
\row@=\count330
\column@=\count331
\maxfields@=\count332
\andhelp@=\toks38
\eqnshift@=\dimen285
\alignsep@=\dimen286
\tagshift@=\dimen287
\tagwidth@=\dimen288
\totwidth@=\dimen289
\lineht@=\dimen290
\@envbody=\toks39
\multlinegap=\skip60
\multlinetaggap=\skip61
\mathdisplay@stack=\toks40
LaTeX Info: Redefining \[ on input line 2953.
LaTeX Info: Redefining \] on input line 2954.
)
(C:/Users/fonta/AppData/Local/Programs/MiKTeX/tex/latex/amscls/amsthm.sty
Package: amsthm 2020/05/29 v2.20.6
\thm@style=\toks41
\thm@bodyfont=\toks42
\thm@headfont=\toks43
\thm@notefont=\toks44
\thm@headpunct=\toks45
\thm@preskip=\skip62
\thm@postskip=\skip63
\thm@headsep=\skip64
\dth@everypar=\toks46
)
\c@theorem=\count333
)
(C:/Users/fonta/AppData/Local/Programs/MiKTeX/tex/latex/beamer/beamerbasethemes
.sty))
(C:/Users/fonta/AppData/Local/Programs/MiKTeX/tex/latex/beamer/beamerthemedefau
lt.sty
(C:/Users/fonta/AppData/Local/Programs/MiKTeX/tex/latex/beamer/beamerfontthemed
efault.sty)
(C:/Users/fonta/AppData/Local/Programs/MiKTeX/tex/latex/beamer/beamercolortheme
default.sty)
(C:/Users/fonta/AppData/Local/Programs/MiKTeX/tex/latex/beamer/beamerinnertheme
default.sty
\beamer@dima=\dimen291
\beamer@dimb=\dimen292
)
(C:/Users/fonta/AppData/Local/Programs/MiKTeX/tex/latex/beamer/beameroutertheme
default.sty)))
(C:/Users/fonta/AppData/Local/Programs/MiKTeX/tex/latex/fontspec/fontspec.sty
(C:/Users/fonta/AppData/Local/Programs/MiKTeX/tex/latex/l3packages/xparse/xpars
e.sty
(C:/Users/fonta/AppData/Local/Programs/MiKTeX/tex/latex/l3kernel/expl3.sty
Package: expl3 2024-01-04 L3 programming layer (loader) 

(C:/Users/fonta/AppData/Local/Programs/MiKTeX/tex/latex/l3backend/l3backend-lua
tex.def
File: l3backend-luatex.def 2024-01-04 L3 backend support: PDF output (LuaTeX)
\l__color_backend_stack_int=\count334
Inserting `l3color' in `luaotfload.parse_color'.
\l__pdf_internal_box=\box76
))
Package: xparse 2023-10-10 L3 Experimental document command parser
)
Package: fontspec 2022/01/15 v2.8a Font selection for XeLaTeX and LuaLaTeX
Lua module: fontspec 2022/01/15 2.8a Font selection for XeLaTeX and LuaLaTeX
(C:/Users/fonta/AppData/Local/Programs/MiKTeX/tex/latex/fontspec/fontspec-luate
x.sty
Package: fontspec-luatex 2022/01/15 v2.8a Font selection for XeLaTeX and LuaLaT
eX
\l__fontspec_script_int=\count335
\l__fontspec_language_int=\count336
\l__fontspec_strnum_int=\count337
\l__fontspec_tmp_int=\count338
\l__fontspec_tmpa_int=\count339
\l__fontspec_tmpb_int=\count340
\l__fontspec_tmpc_int=\count341
\l__fontspec_em_int=\count342
\l__fontspec_emdef_int=\count343
\l__fontspec_strong_int=\count344
\l__fontspec_strongdef_int=\count345
\l__fontspec_tmpa_dim=\dimen293
\l__fontspec_tmpb_dim=\dimen294
\l__fontspec_tmpc_dim=\dimen295
 (C:/Users/fonta/AppData/Local/Programs/MiKTeX/tex/latex/base/fontenc.sty
Package: fontenc 2021/04/29 v2.0v Standard LaTeX package
) (C:/Users/fonta/AppData/Local/Programs/MiKTeX/tex/latex/fontspec/fontspec.cfg
))) (./beamerthemeSimplePlusAIC.sty
(C:/Users/fonta/AppData/Local/Programs/MiKTeX/tex/latex/beamer/beamerthemeMadri
d.sty
(C:/Users/fonta/AppData/Local/Programs/MiKTeX/tex/latex/beamer/beamercolortheme
whale.sty)
(C:/Users/fonta/AppData/Local/Programs/MiKTeX/tex/latex/beamer/beamercolortheme
orchid.sty)
(C:/Users/fonta/AppData/Local/Programs/MiKTeX/tex/latex/beamer/beamerinnertheme
rounded.sty)
(C:/Users/fonta/AppData/Local/Programs/MiKTeX/tex/latex/beamer/beameroutertheme
infolines.sty))
(C:/Users/fonta/AppData/Local/Programs/MiKTeX/tex/latex/beamer/beamerinnertheme
circles.sty) (./beamerfontthemeSimplePlusAIC.sty)
(./beamercolorthemeSimplePlusAIC.sty
(C:/Users/fonta/AppData/Local/Programs/MiKTeX/tex/latex/beamer/beamercolortheme
structure.sty)) (./beamerinnerthemeSimplePlusAIC.sty

Package fontspec Info: Font family 'Epilogue(0)' created for font 'Epilogue'
(fontspec)             with options
(fontspec)             [Ligatures=TeX,Path=./AICStyleData/epilogueFont/,Scale=0
.9,Extension
(fontspec)             =
(fontspec)             .ttf,UprightFont=*-Regular,BoldFont=*-Bold,ItalicFont=*-
Italic,BoldItalicFont=*-BoldItalic].
(fontspec)              
(fontspec)              This font family consists of the following NFSS
(fontspec)             series/shapes:
(fontspec)              
(fontspec)             - 'normal' (m/n) with NFSS spec.:
(fontspec)             <->s*[0.9]"[./AICStyleData/epilogueFont/Epilogue-Regular
.ttf]:mode=node;script=latn;language=dflt;+tlig;"
(fontspec)             - 'small caps'  (m/sc) with NFSS spec.:
(fontspec)             <->s*[0.9]"[./AICStyleData/epilogueFont/Epilogue-Regular
.ttf]:mode=node;script=latn;language=dflt;+tlig;+smcp;"
(fontspec)             - 'bold' (b/n) with NFSS spec.:
(fontspec)             <->s*[0.9]"[./AICStyleData/epilogueFont/Epilogue-Bold.tt
f]:mode=node;script=latn;language=dflt;+tlig;"
(fontspec)             - 'bold small caps'  (b/sc) with NFSS spec.:
(fontspec)             <->s*[0.9]"[./AICStyleData/epilogueFont/Epilogue-Bold.tt
f]:mode=node;script=latn;language=dflt;+tlig;+smcp;"
(fontspec)             - 'italic' (m/it) with NFSS spec.:
(fontspec)             <->s*[0.9]"[./AICStyleData/epilogueFont/Epilogue-Italic.
ttf]:mode=node;script=latn;language=dflt;+tlig;"
(fontspec)             - 'italic small caps'  (m/scit) with NFSS spec.:
(fontspec)             <->s*[0.9]"[./AICStyleData/epilogueFont/Epilogue-Italic.
ttf]:mode=node;script=latn;language=dflt;+tlig;+smcp;"
(fontspec)             - 'bold italic' (b/it) with NFSS spec.:
(fontspec)             <->s*[0.9]"[./AICStyleData/epilogueFont/Epilogue-BoldIta
lic.ttf]:mode=node;script=latn;language=dflt;+tlig;"
(fontspec)             - 'bold italic small caps'  (b/scit) with NFSS spec.:
(fontspec)             <->s*[0.9]"[./AICStyleData/epilogueFont/Epilogue-BoldIta
lic.ttf]:mode=node;script=latn;language=dflt;+tlig;+smcp;"

LaTeX Font Info:    Font shape `TU/Epilogue(0)/m/n' will be
(Font)              scaled to size 9.85492pt on input line 161.
))
(C:/Users/fonta/AppData/Local/Programs/MiKTeX/tex/latex/booktabs/booktabs.sty
Package: booktabs 2020/01/12 v1.61803398 Publication quality tables
\heavyrulewidth=\dimen296
\lightrulewidth=\dimen297
\cmidrulewidth=\dimen298
\belowrulesep=\dimen299
\belowbottomsep=\dimen300
\aboverulesep=\dimen301
\abovetopsep=\dimen302
\cmidrulesep=\dimen303
\cmidrulekern=\dimen304
\defaultaddspace=\dimen305
\@cmidla=\count346
\@cmidlb=\count347
\@aboverulesep=\dimen306
\@belowrulesep=\dimen307
\@thisruleclass=\count348
\@lastruleclass=\count349
\@thisrulewidth=\dimen308
)
(C:/Users/fonta/AppData/Local/Programs/MiKTeX/tex/latex/svg/svg.sty
Package: svg 2020/11/26 v2.02k (include SVG pictures)

(C:/Users/fonta/AppData/Local/Programs/MiKTeX/tex/latex/koma-script/scrbase.sty
Package: scrbase 2023/07/07 v3.41 KOMA-Script package (KOMA-Script-independent 
basics and keyval usage)
Applying: [2021/05/01] Usage of raw or classic option list on input line 252.
Already applied: [0000/00/00] Usage of raw or classic option list on input line
 368.
)
(C:/Users/fonta/AppData/Local/Programs/MiKTeX/tex/latex/trimspaces/trimspaces.s
ty
Package: trimspaces 2009/09/17 v1.1 Trim spaces around a token list
) (C:/Users/fonta/AppData/Local/Programs/MiKTeX/tex/latex/tools/shellesc.sty
Package: shellesc 2023/07/08 v1.0d unified shell escape interface for LaTeX
Package shellesc Info: Unrestricted shell escape enabled on input line 75.
)
(C:/Users/fonta/AppData/Local/Programs/MiKTeX/tex/latex/ifplatform/ifplatform.s
ty
Package: ifplatform 2017/10/13 v0.4a Testing for the operating system

(C:/Users/fonta/AppData/Local/Programs/MiKTeX/tex/generic/catchfile/catchfile.s
ty
Package: catchfile 2019/12/09 v1.8 Catch the contents of a file (HO)

(C:/Users/fonta/AppData/Local/Programs/MiKTeX/tex/generic/etexcmds/etexcmds.sty
Package: etexcmds 2019/12/15 v1.7 Avoid name clashes with e-TeX commands (HO)
)) (C:/Users/fonta/AppData/Local/Programs/MiKTeX/tex/generic/iftex/ifluatex.sty
Package: ifluatex 2019/10/25 v1.5 ifluatex legacy package. Use iftex instead.
))
\c@svg@param@lastpage=\count350
\svg@box=\box77
\c@svg@param@currpage=\count351
)
(C:/Users/fonta/AppData/Local/Programs/MiKTeX/tex/latex/transparent/transparent
.sty
Package: transparent 2022-10-27 v1.5 Transparency with color stacks

(C:/Users/fonta/AppData/Local/Programs/MiKTeX/tex/latex/transparent/transparent
-nometadata.sty
Package: transparent-nometadata 2022-10-27 v1.5 Transparency via pdfTeX's color
 stack (HO)
))
(C:/Users/fonta/AppData/Local/Programs/MiKTeX/tex/latex/pgf/frontendlayer/tikz.
sty
(C:/Users/fonta/AppData/Local/Programs/MiKTeX/tex/latex/pgf/basiclayer/pgf.sty
Package: pgf 2023-01-15 v3.1.10 (3.1.10)

(C:/Users/fonta/AppData/Local/Programs/MiKTeX/tex/generic/pgf/modules/pgfmodule
shapes.code.tex
File: pgfmoduleshapes.code.tex 2023-01-15 v3.1.10 (3.1.10)
\pgfnodeparttextbox=\box78
)
(C:/Users/fonta/AppData/Local/Programs/MiKTeX/tex/generic/pgf/modules/pgfmodule
plot.code.tex
File: pgfmoduleplot.code.tex 2023-01-15 v3.1.10 (3.1.10)
)
(C:/Users/fonta/AppData/Local/Programs/MiKTeX/tex/latex/pgf/compatibility/pgfco
mp-version-0-65.sty
Package: pgfcomp-version-0-65 2023-01-15 v3.1.10 (3.1.10)
\pgf@nodesepstart=\dimen309
\pgf@nodesepend=\dimen310
)
(C:/Users/fonta/AppData/Local/Programs/MiKTeX/tex/latex/pgf/compatibility/pgfco
mp-version-1-18.sty
Package: pgfcomp-version-1-18 2023-01-15 v3.1.10 (3.1.10)
))
(C:/Users/fonta/AppData/Local/Programs/MiKTeX/tex/latex/pgf/utilities/pgffor.st
y
(C:/Users/fonta/AppData/Local/Programs/MiKTeX/tex/generic/pgf/utilities/pgffor.
code.tex
Package: pgffor 2023-01-15 v3.1.10 (3.1.10)
\pgffor@iter=\dimen311
\pgffor@skip=\dimen312
\pgffor@stack=\toks47
\pgffor@toks=\toks48
))
(C:/Users/fonta/AppData/Local/Programs/MiKTeX/tex/generic/pgf/frontendlayer/tik
z/tikz.code.tex
Package: tikz 2023-01-15 v3.1.10 (3.1.10)

(C:/Users/fonta/AppData/Local/Programs/MiKTeX/tex/generic/pgf/libraries/pgflibr
aryplothandlers.code.tex
File: pgflibraryplothandlers.code.tex 2023-01-15 v3.1.10 (3.1.10)
\pgf@plot@mark@count=\count352
\pgfplotmarksize=\dimen313
)
\tikz@lastx=\dimen314
\tikz@lasty=\dimen315
\tikz@lastxsaved=\dimen316
\tikz@lastysaved=\dimen317
\tikz@lastmovetox=\dimen318
\tikz@lastmovetoy=\dimen319
\tikzleveldistance=\dimen320
\tikzsiblingdistance=\dimen321
\tikz@figbox=\box79
\tikz@figbox@bg=\box80
\tikz@tempbox=\box81
\tikz@tempbox@bg=\box82
\tikztreelevel=\count353
\tikznumberofchildren=\count354
\tikznumberofcurrentchild=\count355
\tikz@fig@count=\count356

(C:/Users/fonta/AppData/Local/Programs/MiKTeX/tex/generic/pgf/modules/pgfmodule
matrix.code.tex
File: pgfmodulematrix.code.tex 2023-01-15 v3.1.10 (3.1.10)
\pgfmatrixcurrentrow=\count357
\pgfmatrixcurrentcolumn=\count358
\pgf@matrix@numberofcolumns=\count359
)
\tikz@expandcount=\count360

(C:/Users/fonta/AppData/Local/Programs/MiKTeX/tex/generic/pgf/frontendlayer/tik
z/libraries/tikzlibrarytopaths.code.tex
File: tikzlibrarytopaths.code.tex 2023-01-15 v3.1.10 (3.1.10)
)))
(C:/Users/fonta/AppData/Local/Programs/MiKTeX/tex/latex/makecell/makecell.sty
Package: makecell 2009/08/03 V0.1e Managing of Tab Column Heads and Cells

(C:/Users/fonta/AppData/Local/Programs/MiKTeX/tex/latex/tools/array.sty
Package: array 2023/10/16 v2.5g Tabular extension package (FMi)
\col@sep=\dimen322
\ar@mcellbox=\box83
\extrarowheight=\dimen323
\NC@list=\toks49
\extratabsurround=\skip65
\backup@length=\skip66
\ar@cellbox=\box84
)
\rotheadsize=\dimen324
\c@nlinenum=\count361
\TeXr@lab=\toks50
)
(C:/Users/fonta/AppData/Local/Programs/MiKTeX/tex/latex/wrapfig/wrapfig.sty
\wrapoverhang=\dimen325
\WF@size=\dimen326
\c@WF@wrappedlines=\count362
\WF@box=\box85
\WF@everypar=\toks51
Package: wrapfig 2003/01/31  v 3.6
)
(C:/Users/fonta/AppData/Local/Programs/MiKTeX/tex/generic/babel/babel.sty
Package: babel 2024/01/07 v24.1 The Babel package

(C:/Users/fonta/AppData/Local/Programs/MiKTeX/tex/generic/babel/luababel.def
\bbl@readstream=\read3
\l@afrikaans=\language2
Package babel Info: Non-standard hyphenation setup on input line 118.
\l@ancientgreek=\language3
\l@armenian=\language4
\l@assamese=\language5
\l@basque=\language6
\l@belarusian=\language7
\l@bengali=\language8
\l@bokmal=\language9
\l@bulgarian=\language10
\l@catalan=\language11
\l@churchslavonic=\language12
\l@classiclatin=\language13
\l@coptic=\language14
\l@croatian=\language15
\l@czech=\language16
\l@danish=\language17
\l@dutch=\language18
\l@esperanto=\language19
\l@estonian=\language20
\l@ethiopic=\language21
\l@finnish=\language22
\l@french=\language23
\l@friulan=\language24
\l@galician=\language25
\l@georgian=\language26
\l@german=\language27
\l@greek=\language28
\l@gujarati=\language29
\l@hindi=\language30
\l@hungarian=\language31
\l@icelandic=\language32
\l@indonesian=\language33
\l@interlingua=\language34
\l@irish=\language35
\l@italian=\language36
\l@kannada=\language37
\l@kurmanji=\language38
\l@latin=\language39
\l@latvian=\language40
\l@lithuanian=\language41
\l@liturgicallatin=\language42
\l@macedonian=\language43
\l@malayalam=\language44
\l@marathi=\language45
\l@mongolian=\language46
\l@mongolianlmc=\language47
\l@monogreek=\language48
\l@ngerman=\language49
\l@nynorsk=\language50
\l@occitan=\language51
\l@oriya=\language52
\l@pali=\language53
\l@panjabi=\language54
\l@piedmontese=\language55
\l@polish=\language56
\l@portuguese=\language57
\l@romanian=\language58
\l@romansh=\language59
\l@russian=\language60
\l@sanskrit=\language61
\l@serbian=\language62
\l@serbianc=\language63
\l@slovak=\language64
\l@slovenian=\language65
\l@spanish=\language66
\l@swedish=\language67
\l@swissgerman=\language68
\l@tamil=\language69
\l@telugu=\language70
\l@thai=\language71
\l@turkish=\language72
\l@turkmen=\language73
\l@ukenglish=\language74
\l@ukrainian=\language75
\l@uppersorbian=\language76
\l@usenglishmax=\language77
\l@welsh=\language78
\babelcatcodetablenum=\catcodetable14
\bbl@pattcodes=\catcodetable15
)
\babel@savecnt=\count363
\U@D=\dimen327
\l@unhyphenated=\language79

(C:/Users/fonta/AppData/Local/Programs/MiKTeX/tex/generic/babel/luababel.def
\bbl@attr@locale=\attribute4
)
LaTeX Info: Redefining \textlatin on input line 3986.

*************************************
* Local config file bblopts.cfg used
*
(C:/Users/fonta/AppData/Local/Programs/MiKTeX/tex/latex/arabi/bblopts.cfg
File: bblopts.cfg 2005/09/08 v0.1 add Arabic and Farsi to "declared" options of
 babel
)
(C:/Users/fonta/AppData/Local/Programs/MiKTeX/tex/latex/babel-italian/italian.l
df
Language: italian 2024/01/03 v.1.5.00 Italian support for the babel system
\it@lettering=\count364
\it@doublequoteactive=\count365
\it@ISOcompliance=\count366

(C:/Users/fonta/AppData/Local/Programs/MiKTeX/tex/generic/hyph-utf8/loadhyph/lo
adhyph-it.tex UTF-8 Italian hyphenation patterns
(C:/Users/fonta/AppData/Local/Programs/MiKTeX/tex/generic/hyph-utf8/patterns/te
x/hyph-it.tex)
(C:/Users/fonta/AppData/Local/Programs/MiKTeX/tex/generic/hyph-utf8/patterns/qu
ote/hyph-quote-it.tex))))
(C:/Users/fonta/AppData/Local/Programs/MiKTeX/tex/generic/babel/locale/it/babel
-italian.tex
Package babel Info: Importing font and identification data for italian
(babel)             from babel-it.ini. Reported on input line 11.
)
(C:/Users/fonta/AppData/Local/Programs/MiKTeX/tex/latex/tools/tabularx.sty
Package: tabularx 2023/07/08 v2.11c `tabularx' package (DPC)
\TX@col@width=\dimen328
\TX@old@table=\dimen329
\TX@old@col=\dimen330
\TX@target=\dimen331
\TX@delta=\dimen332
\TX@cols=\count367
\TX@ftn=\toks52
)
(C:/Users/fonta/AppData/Local/Programs/MiKTeX/tex/latex/tools/verbatim.sty
Package: verbatim 2023-11-06 v1.5v LaTeX2e package for verbatim enhancements
\every@verbatim=\toks53
\verbatim@line=\toks54
\verbatim@in@stream=\read4
)
(C:/Users/fonta/AppData/Local/Programs/MiKTeX/tex/latex/adjustbox/adjustbox.sty
Package: adjustbox 2022/10/17 v1.3a Adjusting TeX boxes (trim, clip, ...)
(C:/Users/fonta/AppData/Local/Programs/MiKTeX/tex/latex/xkeyval/xkeyval.sty
Package: xkeyval 2022/06/16 v2.9 package option processing (HA)

(C:/Users/fonta/AppData/Local/Programs/MiKTeX/tex/generic/xkeyval/xkeyval.tex
(C:/Users/fonta/AppData/Local/Programs/MiKTeX/tex/generic/xkeyval/xkvutils.tex
\XKV@toks=\toks55
\XKV@tempa@toks=\toks56
)
\XKV@depth=\count368
File: xkeyval.tex 2014/12/03 v2.7a key=value parser (HA)
))
(C:/Users/fonta/AppData/Local/Programs/MiKTeX/tex/latex/adjustbox/adjcalc.sty
Package: adjcalc 2012/05/16 v1.1 Provides advanced setlength with multiple back
-ends (calc, etex, pgfmath)
)
(C:/Users/fonta/AppData/Local/Programs/MiKTeX/tex/latex/adjustbox/trimclip.sty
Package: trimclip 2020/08/19 v1.2 Trim and clip general TeX material

(C:/Users/fonta/AppData/Local/Programs/MiKTeX/tex/latex/collectbox/collectbox.s
ty
Package: collectbox 2022/10/17 v0.4c Collect macro arguments as boxes
\collectedbox=\box86
)
\tc@llx=\dimen333
\tc@lly=\dimen334
\tc@urx=\dimen335
\tc@ury=\dimen336

(C:/Users/fonta/AppData/Local/Programs/MiKTeX/tex/latex/adjustbox/tc-pgf.def
File: tc-pgf.def 2019/01/04 v2.2 trimclip fall-back clipping driver using PGF
)
Package trimclip Info: No clipping driver 'tc-luatex.def' available.
(trimclip)             Using fall-back PGF driver.
)
\adjbox@Width=\dimen337
\adjbox@Height=\dimen338
\adjbox@Depth=\dimen339
\adjbox@Totalheight=\dimen340
\adjbox@pwidth=\dimen341
\adjbox@pheight=\dimen342
\adjbox@pdepth=\dimen343
\adjbox@ptotalheight=\dimen344

(C:/Users/fonta/AppData/Local/Programs/MiKTeX/tex/latex/ifoddpage/ifoddpage.sty
Package: ifoddpage 2022/10/18 v1.2 Conditionals for odd/even page detection
\c@checkoddpage=\count369
) (C:/Users/fonta/AppData/Local/Programs/MiKTeX/tex/latex/varwidth/varwidth.sty
Package: varwidth 2009/03/30 ver 0.92;  Variable-width minipages
\@vwid@box=\box87
\sift@deathcycles=\count370
\@vwid@loff=\dimen345
\@vwid@roff=\dimen346
)) (C:/Users/fonta/AppData/Local/Programs/MiKTeX/tex/latex/caption/caption.sty
Package: caption 2023/08/05 v3.6o Customizing captions (AR)

(C:/Users/fonta/AppData/Local/Programs/MiKTeX/tex/latex/caption/caption3.sty
Package: caption3 2023/07/31 v2.4d caption3 kernel (AR)
\caption@tempdima=\dimen347
\captionmargin=\dimen348
\caption@leftmargin=\dimen349
\caption@rightmargin=\dimen350
\caption@width=\dimen351
\caption@indent=\dimen352
\caption@parindent=\dimen353
\caption@hangindent=\dimen354
Package caption Info: beamer document class detected.

(C:/Users/fonta/AppData/Local/Programs/MiKTeX/tex/latex/caption/caption-beamer.
sto
File: caption-beamer.sto 2022/01/06 v2.0c Adaption of the caption package to th
e beamer document classes (AR)
))
\c@caption@flags=\count371
\c@continuedfloat=\count372
Package caption Info: hyperref package is loaded.
Package caption Info: Hyperref support is turned off
(caption)             because hyperref has stopped early.
Package caption Info: wrapfig package is loaded.
)
(C:/Users/fonta/AppData/Local/Programs/MiKTeX/tex/latex/textpos/textpos.sty
Package: textpos 2022/07/23 v1.10.1
Package textpos Info: choosing support for LaTeX3 on input line 60.
\TP@textbox=\box88
\TP@holdbox=\box89
\TPHorizModule=\dimen355
\TPVertModule=\dimen356
\TP@margin=\dimen357
\TP@absmargin=\dimen358

Grid set 16 x 16 = 28.45274pt x 16.00467pt
\TPboxrulesize=\dimen359
\TP@ox=\dimen360
\TP@oy=\dimen361
\TP@tbargs=\toks57
TextBlockOrigin set to 0pt x 0pt
) (C:/Users/fonta/AppData/Local/Programs/MiKTeX/tex/latex/emoji/emoji.sty
Package: emoji 2021/07/17 v0.2.2 Emoji support in (Lua)LaTeX

(C:/Users/fonta/AppData/Local/Programs/MiKTeX/tex/latex/emoji/emoji-table.def
File: emoji-table.def 2021/07/17 v0.2.2 Emojisupportin(Lua)LaTeX
)) (C:/Users/fonta/AppData/Local/Programs/MiKTeX/tex/latex/multirow/multirow.st
y
Package: multirow 2021/03/15 v2.8 Span multiple rows of a table
\multirow@colwidth=\skip67
\multirow@cntb=\count373
\multirow@dima=\skip68
\bigstrutjot=\dimen362
) (C:/Users/fonta/AppData/Local/Programs/MiKTeX/tex/latex/float/float.sty
Package: float 2001/11/08 v1.3d Float enhancements (AL)
\c@float@type=\count374
\float@exts=\toks58
\float@box=\box90
\@float@everytoks=\toks59
\@floatcapt=\box91
)

Package hyperref Warning: Token not allowed in a PDF string (Unicode):
(hyperref)                removing `\\' on input line 38.


Package hyperref Warning: Token not allowed in a PDF string (Unicode):
(hyperref)                removing `\\' on input line 38.


Package hyperref Warning: Token not allowed in a PDF string (Unicode):
(hyperref)                removing `\\' on input line 38.


Package hyperref Warning: Token not allowed in a PDF string (Unicode):
(hyperref)                removing `\\' on input line 38.

No file main.aux.

\openout1 = main.aux
LaTeX Font Info:    Checking defaults for OML/cmm/m/it on input line 43.
LaTeX Font Info:    ... okay on input line 43.
LaTeX Font Info:    Checking defaults for OMS/cmsy/m/n on input line 43.
LaTeX Font Info:    ... okay on input line 43.
LaTeX Font Info:    Checking defaults for OT1/cmr/m/n on input line 43.
LaTeX Font Info:    ... okay on input line 43.
LaTeX Font Info:    Checking defaults for T1/cmr/m/n on input line 43.
LaTeX Font Info:    ... okay on input line 43.
LaTeX Font Info:    Checking defaults for TS1/cmr/m/n on input line 43.
LaTeX Font Info:    Trying to load font information for TS1+cmr on input line 4
3.
(C:/Users/fonta/AppData/Local/Programs/MiKTeX/tex/latex/base/ts1cmr.fd
File: ts1cmr.fd 2023/04/13 v2.5m Standard LaTeX font definitions
)
LaTeX Font Info:    ... okay on input line 43.
LaTeX Font Info:    Checking defaults for TU/lmr/m/n on input line 43.
LaTeX Font Info:    ... okay on input line 43.
LaTeX Font Info:    Checking defaults for OMX/cmex/m/n on input line 43.
LaTeX Font Info:    ... okay on input line 43.
LaTeX Font Info:    Checking defaults for U/cmr/m/n on input line 43.
LaTeX Font Info:    ... okay on input line 43.
LaTeX Font Info:    Checking defaults for PD1/pdf/m/n on input line 43.
LaTeX Font Info:    ... okay on input line 43.
LaTeX Font Info:    Checking defaults for PU/pdf/m/n on input line 43.
LaTeX Font Info:    ... okay on input line 43.

*geometry* driver: auto-detecting
*geometry* detected driver: luatex
*geometry* verbose mode - [ preamble ] result:
* driver: luatex
* paper: custom
* layout: <same size as paper>
* layoutoffset:(h,v)=(0.0pt,0.0pt)
* modes: includehead includefoot 
* h-part:(L,W,R)=(21.9pt, 411.44409pt, 21.9pt)
* v-part:(T,H,B)=(0.0pt, 256.0748pt, 0.0pt)
* \paperwidth=455.24408pt
* \paperheight=256.0748pt
* \textwidth=411.44409pt
* \textheight=227.62207pt
* \oddsidemargin=-50.37pt
* \evensidemargin=-50.37pt
* \topmargin=-72.26999pt
* \headheight=14.22636pt
* \headsep=0.0pt
* \topskip=11.0pt
* \footskip=14.22636pt
* \marginparwidth=4.0pt
* \marginparsep=10.0pt
* \columnsep=10.0pt
* \skip\footins=10.0pt plus 4.0pt minus 2.0pt
* \hoffset=0.0pt
* \voffset=0.0pt
* \mag=1000
* \@twocolumnfalse
* \@twosidefalse
* \@mparswitchfalse
* \@reversemarginfalse
* (1in=72.27pt=25.4mm, 1cm=28.453pt)


(C:/Users/fonta/AppData/Local/Programs/MiKTeX/tex/context/base/mkii/supp-pdf.mk
ii
[Loading MPS to PDF converter (version 2006.09.02).]
\scratchcounter=\count375
\scratchdimen=\dimen363
\scratchbox=\box92
\nofMPsegments=\count376
\nofMParguments=\count377
\everyMPshowfont=\toks60
\MPscratchCnt=\count378
\MPscratchDim=\dimen364
\MPnumerator=\count379
\makeMPintoPDFobject=\count380
\everyMPtoPDFconversion=\toks61
)
(C:/Users/fonta/AppData/Local/Programs/MiKTeX/tex/latex/epstopdf-pkg/epstopdf-b
ase.sty
Package: epstopdf-base 2020-01-24 v2.11 Base part for package epstopdf
Package epstopdf-base Info: Redefining graphics rule for `.eps' on input line 4
85.

(C:/Users/fonta/AppData/Local/Programs/MiKTeX/tex/latex/00miktex/epstopdf-sys.c
fg
File: epstopdf-sys.cfg 2021/03/18 v2.0 Configuration of epstopdf for MiKTeX
))
Package hyperref Info: Link coloring OFF on input line 43.
\@outlinefile=\write5

\openout5 = main.out
LaTeX Font Info:    Overwriting symbol font `operators' in version `normal'
(Font)                  OT1/cmr/m/n --> OT1/cmss/m/n on input line 43.
LaTeX Font Info:    Overwriting symbol font `operators' in version `bold'
(Font)                  OT1/cmr/bx/n --> OT1/cmss/b/n on input line 43.
\symnumbers=\mathgroup6
\sympureletters=\mathgroup7
LaTeX Font Info:    Overwriting math alphabet `\mathrm' in version `normal'
(Font)                  OT1/cmss/m/n --> TU/lmr/m/n on input line 43.
LaTeX Font Info:    Redeclaring math alphabet \mathbf on input line 43.
LaTeX Font Info:    Overwriting math alphabet `\mathbf' in version `normal'
(Font)                  OT1/cmr/bx/n --> TU/Epilogue(0)/b/n on input line 43.
LaTeX Font Info:    Overwriting math alphabet `\mathbf' in version `bold'
(Font)                  OT1/cmr/bx/n --> TU/Epilogue(0)/b/n on input line 43.
LaTeX Font Info:    Redeclaring math alphabet \mathsf on input line 43.
LaTeX Font Info:    Overwriting math alphabet `\mathsf' in version `normal'
(Font)                  OT1/cmss/m/n --> TU/Epilogue(0)/m/n on input line 43.
LaTeX Font Info:    Overwriting math alphabet `\mathsf' in version `bold'
(Font)                  OT1/cmss/bx/n --> TU/Epilogue(0)/m/n on input line 43.
LaTeX Font Info:    Redeclaring math alphabet \mathit on input line 43.
LaTeX Font Info:    Overwriting math alphabet `\mathit' in version `normal'
(Font)                  OT1/cmr/m/it --> TU/Epilogue(0)/m/it on input line 43.
LaTeX Font Info:    Overwriting math alphabet `\mathit' in version `bold'
(Font)                  OT1/cmr/bx/it --> TU/Epilogue(0)/m/it on input line 43.

LaTeX Font Info:    Redeclaring math alphabet \mathtt on input line 43.
LaTeX Font Info:    Overwriting math alphabet `\mathtt' in version `normal'
(Font)                  OT1/cmtt/m/n --> TU/lmtt/m/n on input line 43.
LaTeX Font Info:    Overwriting math alphabet `\mathtt' in version `bold'
(Font)                  OT1/cmtt/m/n --> TU/lmtt/m/n on input line 43.
LaTeX Font Info:    Overwriting symbol font `numbers' in version `bold'
(Font)                  TU/Epilogue(0)/m/n --> TU/Epilogue(0)/b/n on input line
 43.
LaTeX Font Info:    Overwriting symbol font `pureletters' in version `bold'
(Font)                  TU/Epilogue(0)/m/it --> TU/Epilogue(0)/b/it on input li
ne 43.
LaTeX Font Info:    Overwriting math alphabet `\mathrm' in version `bold'
(Font)                  OT1/cmss/b/n --> TU/lmr/b/n on input line 43.
LaTeX Font Info:    Overwriting math alphabet `\mathbf' in version `bold'
(Font)                  TU/Epilogue(0)/b/n --> TU/Epilogue(0)/b/n on input line
 43.
LaTeX Font Info:    Overwriting math alphabet `\mathsf' in version `bold'
(Font)                  TU/Epilogue(0)/m/n --> TU/Epilogue(0)/b/n on input line
 43.
LaTeX Font Info:    Overwriting math alphabet `\mathit' in version `bold'
(Font)                  TU/Epilogue(0)/m/it --> TU/Epilogue(0)/b/it on input li
ne 43.
LaTeX Font Info:    Overwriting math alphabet `\mathtt' in version `bold'
(Font)                  TU/lmtt/m/n --> TU/lmtt/b/n on input line 43.

(C:/Users/fonta/AppData/Local/Programs/MiKTeX/tex/latex/translator/translator-b
asic-dictionary-English.dict
Dictionary: translator-basic-dictionary, Language: English 
)
(C:/Users/fonta/AppData/Local/Programs/MiKTeX/tex/latex/translator/translator-b
ibliography-dictionary-English.dict
Dictionary: translator-bibliography-dictionary, Language: English 
)
(C:/Users/fonta/AppData/Local/Programs/MiKTeX/tex/latex/translator/translator-e
nvironment-dictionary-English.dict
Dictionary: translator-environment-dictionary, Language: English 
)
(C:/Users/fonta/AppData/Local/Programs/MiKTeX/tex/latex/translator/translator-m
onths-dictionary-English.dict
Dictionary: translator-months-dictionary, Language: English 
)
(C:/Users/fonta/AppData/Local/Programs/MiKTeX/tex/latex/translator/translator-n
umbers-dictionary-English.dict
Dictionary: translator-numbers-dictionary, Language: English 
)
(C:/Users/fonta/AppData/Local/Programs/MiKTeX/tex/latex/translator/translator-t
heorem-dictionary-English.dict
Dictionary: translator-theorem-dictionary, Language: English 
)

Package fontspec Info: Adjusting the maths setup (use [no-math] to avoid
(fontspec)             this).

\symlegacymaths=\mathgroup8
LaTeX Font Info:    Overwriting symbol font `legacymaths' in version `bold'
(Font)                  OT1/cmr/m/n --> OT1/cmr/bx/n on input line 43.
LaTeX Font Info:    Redeclaring math accent \acute on input line 43.
LaTeX Font Info:    Redeclaring math accent \grave on input line 43.
LaTeX Font Info:    Redeclaring math accent \ddot on input line 43.
LaTeX Font Info:    Redeclaring math accent \tilde on input line 43.
LaTeX Font Info:    Redeclaring math accent \bar on input line 43.
LaTeX Font Info:    Redeclaring math accent \breve on input line 43.
LaTeX Font Info:    Redeclaring math accent \check on input line 43.
LaTeX Font Info:    Redeclaring math accent \hat on input line 43.
LaTeX Font Info:    Redeclaring math accent \dot on input line 43.
LaTeX Font Info:    Redeclaring math accent \mathring on input line 43.
LaTeX Font Info:    Redeclaring math symbol \Gamma on input line 43.
LaTeX Font Info:    Redeclaring math symbol \Delta on input line 43.
LaTeX Font Info:    Redeclaring math symbol \Theta on input line 43.
LaTeX Font Info:    Redeclaring math symbol \Lambda on input line 43.
LaTeX Font Info:    Redeclaring math symbol \Xi on input line 43.
LaTeX Font Info:    Redeclaring math symbol \Pi on input line 43.
LaTeX Font Info:    Redeclaring math symbol \Sigma on input line 43.
LaTeX Font Info:    Redeclaring math symbol \Upsilon on input line 43.
LaTeX Font Info:    Redeclaring math symbol \Phi on input line 43.
LaTeX Font Info:    Redeclaring math symbol \Psi on input line 43.
LaTeX Font Info:    Redeclaring math symbol \Omega on input line 43.
LaTeX Font Info:    Redeclaring math symbol \mathdollar on input line 43.
LaTeX Font Info:    Redeclaring symbol font `operators' on input line 43.
LaTeX Font Info:    Encoding `OT1' has changed to `TU' for symbol font
(Font)              `operators' in the math version `normal' on input line 43.
LaTeX Font Info:    Overwriting symbol font `operators' in version `normal'
(Font)                  OT1/cmss/m/n --> TU/lmr/m/n on input line 43.
LaTeX Font Info:    Encoding `OT1' has changed to `TU' for symbol font
(Font)              `operators' in the math version `bold' on input line 43.
LaTeX Font Info:    Overwriting symbol font `operators' in version `bold'
(Font)                  OT1/cmss/b/n --> TU/lmr/m/n on input line 43.
LaTeX Font Info:    Overwriting symbol font `operators' in version `normal'
(Font)                  TU/lmr/m/n --> TU/lmr/m/n on input line 43.
LaTeX Font Info:    Redeclaring math alphabet \mathrm on input line 43.
LaTeX Font Info:    Overwriting math alphabet `\mathit' in version `normal'
(Font)                  TU/Epilogue(0)/m/it --> TU/lmr/m/it on input line 43.
LaTeX Font Info:    Overwriting math alphabet `\mathbf' in version `normal'
(Font)                  TU/Epilogue(0)/b/n --> TU/lmr/b/n on input line 43.
LaTeX Font Info:    Overwriting math alphabet `\mathsf' in version `normal'
(Font)                  TU/Epilogue(0)/m/n --> TU/Epilogue(0)/m/n on input line
 43.
LaTeX Font Info:    Overwriting math alphabet `\mathtt' in version `normal'
(Font)                  TU/lmtt/m/n --> TU/lmtt/m/n on input line 43.
LaTeX Font Info:    Overwriting symbol font `operators' in version `bold'
(Font)                  TU/lmr/m/n --> TU/lmr/b/n on input line 43.
LaTeX Font Info:    Overwriting math alphabet `\mathit' in version `bold'
(Font)                  TU/Epilogue(0)/b/it --> TU/lmr/b/it on input line 43.
LaTeX Font Info:    Overwriting math alphabet `\mathsf' in version `bold'
(Font)                  TU/Epilogue(0)/b/n --> TU/Epilogue(0)/b/n on input line
 43.
LaTeX Font Info:    Overwriting math alphabet `\mathtt' in version `bold'
(Font)                  TU/lmtt/b/n --> TU/lmtt/b/n on input line 43.
 ("|'inkscape' -V "
|'inkscape' -V :1: String contains an invalid utf-8 sequence.
l.1 ""inkscape"" non 
                    riconosciuto come comando interno o esterno,
A funny symbol that I can't read has just been (re)read.
Just continue, I'll change it to 0xFFFD.

)

Package svg Warning: No version of Inkscape was detected by invoking
(svg)                `inkscape -V'
(svg)                so the Inkscape export will fail quite sure as the
(svg)                command is probably unknown to your OS. You could set
(svg)                `inkscapeversion=<version>' manually but this is very
(svg)                unlikely to work on input line 43.

Package caption Info: Begin \AtBeginDocument code.
Package caption Info: float package is loaded.
Package caption Info: End \AtBeginDocument code.
luaotfload | cache : Lookup cache loaded from C:/Users/fonta/AppData/Local/MiKTe
X/luatex-cache/generic/names/luaotfload-lookup-cache.luc.

Package fontspec Info: Font family 'SegoeUIEmoji(0)' created for font 'Segoe
(fontspec)             UI Emoji' with options
(fontspec)             [BoldFont={},ItalicFont={},SmallCapsFont={},Renderer=Har
fBuzz].
(fontspec)              
(fontspec)              This font family consists of the following NFSS
(fontspec)             series/shapes:
(fontspec)              
(fontspec)             - 'normal' (m/n) with NFSS spec.:
(fontspec)             <->"SegoeUIEmoji:mode=harf;script=latn;language=dflt;"
(fontspec)             - 'small caps'  (m/sc) with NFSS spec.: 

(./main.nav)
LaTeX Font Info:    Font shape `TU/Epilogue(0)/m/n' will be
(Font)              scaled to size 5.39996pt on input line 43.
LaTeX Font Info:    Font shape `TU/Epilogue(0)/m/n' will be
(Font)              scaled to size 7.19995pt on input line 43.
LaTeX Font Info:    Font shape `TU/Epilogue(0)/b/n' will be
(Font)              scaled to size 9.85492pt on input line 45.
LaTeX Font Info:    Font shape `TU/Epilogue(0)/b/n' will be
(Font)              scaled to size 7.19995pt on input line 45.
<images/uniba-logo.png, id=12, 869.2475pt x 289.08pt>
File: images/uniba-logo.png Graphic file (type png)
<use images/uniba-logo.png>
Package luatex.def Info: images/uniba-logo.png  used on input line 45.
(luatex.def)             Requested size: 85.35826pt x 28.38478pt.
<images/logo_swap_rg_white.png, id=13, 1278.7775pt x 707.64375pt>
File: images/logo_swap_rg_white.png Graphic file (type png)
<use images/logo_swap_rg_white.png>
Package luatex.def Info: images/logo_swap_rg_white.png  used on input line 45.
(luatex.def)             Requested size: 85.35826pt x 47.2294pt.

Overfull \vbox (5.64253pt too high) detected at line 45
 []

<AICStyleData/logos/Logo shape dark_rotated.png, id=14, 792.9625pt x 446.66875p
t>
File: AICStyleData/logos/Logo shape dark_rotated.png Graphic file (type png)
<use AICStyleData/logos/Logo shape dark_rotated.png>
Package luatex.def Info: AICStyleData/logos/Logo shape dark_rotated.png  used o
n input line 45.
(luatex.def)             Requested size: 455.24408pt x 256.43723pt.
[1

{C:/Users/fonta/AppData/Local/MiKTeX/fonts/map/pdftex/pdftex.map}<./AICStyleData
/logos/Logo shape dark_rotated.png><./images/uniba-logo.png><./images/logo_swap_
rg_white.png>]
\openout2 = pages/sostenibilit.aux
 (./pages/sostenibilit.tex
LaTeX Font Info:    Trying to load font information for U+msa on input line 12.


(C:/Users/fonta/AppData/Local/Programs/MiKTeX/tex/latex/amsfonts/umsa.fd
File: umsa.fd 2013/01/14 v3.01 AMS symbols A
)
LaTeX Font Info:    Trying to load font information for U+msb on input line 12.


(C:/Users/fonta/AppData/Local/Programs/MiKTeX/tex/latex/amsfonts/umsb.fd
File: umsb.fd 2013/01/14 v3.01 AMS symbols B
)
LaTeX Font Info:    Font shape `TU/Epilogue(0)/m/it' will be
(Font)              scaled to size 9.85492pt on input line 12.
LaTeX Font Info:    Font shape `TU/Epilogue(0)/m/it' will be
(Font)              scaled to size 7.19995pt on input line 12.
LaTeX Font Info:    Font shape `TU/Epilogue(0)/m/it' will be
(Font)              scaled to size 5.39996pt on input line 12.
<images/sdg.png, id=26, 804.00375pt x 477.785pt>
File: images/sdg.png Graphic file (type png)
<use images/sdg.png>
Package luatex.def Info: images/sdg.png  used on input line 12.
(luatex.def)             Requested size: 120.59535pt x 71.66466pt.
LaTeX Font Info:    Font shape `TU/Epilogue(0)/m/n' will be
(Font)              scaled to size 15.55188pt on input line 12.
LaTeX Font Info:    Font shape `TU/Epilogue(0)/b/n' will be
(Font)              scaled to size 15.55188pt on input line 12.

Overfull \vbox (11.7251pt too high) detected at line 12
 []

LaTeX Font Info:    Font shape `TU/Epilogue(0)/m/n' will be
(Font)              scaled to size 3.59998pt on input line 12.
[2


<./images/sdg.png>])
\openout2 = pages/recommender.aux
 (./pages/recommender.tex
<images/netflix.png, id=35, 109.8504pt x 109.8504pt>
File: images/netflix.png Graphic file (type png)
<use images/netflix.png>
Package luatex.def Info: images/netflix.png  used on input line 26.
(luatex.def)             Requested size: 61.7141pt x 61.71526pt.
<images/amazon.png, id=36, 325.215pt x 216.81pt>
File: images/amazon.png Graphic file (type png)
<use images/amazon.png>
Package luatex.def Info: images/amazon.png  used on input line 26.
(luatex.def)             Requested size: 61.7141pt x 41.14139pt.
<images/spotify.png, id=37, 1204.5pt x 632.3625pt>
File: images/spotify.png Graphic file (type png)
<use images/spotify.png>
Package luatex.def Info: images/spotify.png  used on input line 26.
(luatex.def)             Requested size: 61.7141pt x 32.39189pt.
<images/tiktok.png, id=38, 702.625pt x 533.995pt>
File: images/tiktok.png Graphic file (type png)
<use images/tiktok.png>
Package luatex.def Info: images/tiktok.png  used on input line 26.
(luatex.def)             Requested size: 61.7141pt x 46.90044pt.
 [3




<./images/netflix.png><./images/amazon.png><./images/spotify.png><./images/tikto
k.png>] [4

] [5

])
\openout2 = pages/designEsperimenti.aux

(./pages/designEsperimenti.tex
LaTeX Font Info:    Font shape `TU/Epilogue(0)/m/n' will be
(Font)              scaled to size 8.09995pt on input line 7.
LaTeX Font Info:    Font shape `TU/Epilogue(0)/m/n' will be
(Font)              scaled to size 4.49997pt on input line 7.
LaTeX Font Info:    Font shape `TU/Epilogue(0)/m/it' will be
(Font)              scaled to size 8.09995pt on input line 7.
LaTeX Font Info:    Font shape `TU/Epilogue(0)/m/it' will be
(Font)              scaled to size 4.49997pt on input line 7.
 [6




] [7

])
\openout2 = pages/precedente.aux
 (./pages/precedente.tex
LaTeX Font Info:    Font shape `TU/Epilogue(0)/b/n' will be
(Font)              scaled to size 8.09995pt on input line 23.
 [8




] [9

])
\openout2 = pages/benchmarking.aux

(./pages/benchmarking.tex
File: images/emissions_LFM-1b_artist_20U50I.png Graphic file (type png)
<use images/emissions_LFM-1b_artist_20U50I.png>
Package luatex.def Info: images/emissions_LFM-1b_artist_20U50I.png  used on inp
ut line 16.
(luatex.def)             Requested size: 205.12206pt x 153.84155pt.
File: images/emissions_ml-10m_50U10I.png Graphic file (type png)
<use images/emissions_ml-10m_50U10I.png>
Package luatex.def Info: images/emissions_ml-10m_50U10I.png  used on input line
 16.
(luatex.def)             Requested size: 205.12206pt x 153.84155pt.
 [10




<./images/emissions_LFM-1b_artist_20U50I.png><./images/emissions_ml-10m_50U10I.p
ng>]
<images/TradeOff.png, id=93, 671.50874pt x 516.42938pt>
File: images/TradeOff.png Graphic file (type png)
<use images/TradeOff.png>
Package luatex.def Info: images/TradeOff.png  used on input line 25.
(luatex.def)             Requested size: 260.69878pt x 200.49255pt.

Overfull \vbox (23.71642pt too high) detected at line 25
 []

[11

<./images/TradeOff.png>])
\openout2 = pages/addestramento.aux
 (./pages/addestramento.tex
<images/curve_emissions_score.png, id=101, 481.8pt x 361.35pt>
File: images/curve_emissions_score.png Graphic file (type png)
<use images/curve_emissions_score.png>
Package luatex.def Info: images/curve_emissions_score.png  used on input line 1
2.
(luatex.def)             Requested size: 246.86896pt x 141.52693pt.
 [12




<./images/curve_emissions_score.png>]
Overfull \vbox (25.4778pt too high) detected at line 55
 []

[13

]
<images/recall@10_movielens_1m_comparison.png, id=114, 722.7pt x 361.35pt>
File: images/recall@10_movielens_1m_comparison.png Graphic file (type png)
<use images/recall@10_movielens_1m_comparison.png>
Package luatex.def Info: images/recall@10_movielens_1m_comparison.png  used on 
input line 65.
(luatex.def)             Requested size: 361.3491pt x 180.67456pt.

Overfull \vbox (29.50572pt too high) detected at line 65
 []

[14

<./images/recall@10_movielens_1m_comparison.png>]
Overfull \vbox (14.06319pt too high) detected at line 87
 []

[15

]
<images/sensibility_recall@10.png, id=126, 1445.4pt x 722.7pt>
File: images/sensibility_recall@10.png Graphic file (type png)
<use images/sensibility_recall@10.png>
Package luatex.def Info: images/sensibility_recall@10.png  used on input line 9
7.
(luatex.def)             Requested size: 361.34912pt x 180.67455pt.

Overfull \vbox (29.5057pt too high) detected at line 97
 []

[16

<./images/sensibility_recall@10.png>]
Overfull \vbox (1.0309pt too high) detected at line 134
 []

[17

] [18

])
\openout2 = pages/conclusioni.aux
 (./pages/conclusioni.tex
LaTeX Font Info:    Font shape `TU/Epilogue(0)/m/n' will be
(Font)              scaled to size 10.79993pt on input line 8.
 [19




] [20

])

LaTeX Font Warning: Font shape `TU/SegoeUIEmoji(0)/b/n' undefined
(Font)              using `TU/SegoeUIEmoji(0)/m/n' instead on input line 56.


Overfull \vbox (3.34294pt too high) detected at line 56
 []

File: AICStyleData/logos/Logo shape dark_rotated.png Graphic file (type png)
<use AICStyleData/logos/Logo shape dark_rotated.png>
Package luatex.def Info: AICStyleData/logos/Logo shape dark_rotated.png  used o
n input line 56.
(luatex.def)             Requested size: 455.24408pt x 256.43723pt.
[21



]
\tf@nav=\write6

\openout6 = main.nav
\tf@toc=\write7

\openout7 = main.toc
\tf@snm=\write8

\openout8 = main.snm
 (./main.aux (./pages/sostenibilit.aux) (./pages/recommender.aux)
(./pages/designEsperimenti.aux) (./pages/precedente.aux)
(./pages/benchmarking.aux) (./pages/addestramento.aux) (./pages/conclusioni.aux
))
 ***********
LaTeX2e <2023-11-01> patch level 1
L3 programming layer <2024-01-04>
 ***********


LaTeX Font Warning: Some font shapes were not available, defaults substituted.


LaTeX Warning: Label(s) may have changed. Rerun to get cross-references right.


Package rerunfilecheck Warning: File `main.out' has changed.
(rerunfilecheck)                Rerun to get outlines right
(rerunfilecheck)                or use package `bookmark'.

Package rerunfilecheck Info: Checksums for `main.out':
(rerunfilecheck)             Before: <no file>
(rerunfilecheck)             After:  D41D8CD98F00B204E9800998ECF8427E;0.
)

Here is how much of LuaTeX's memory you used:
 38157 strings out of 476497
 100000,1977958 words of node,token memory allocated
 4591 words of node memory still in use:
   42 hlist, 9 vlist, 5 rule, 36 disc, 8 local_par, 119 glue, 49 kern, 18 penalt
y, 202 glyph, 198 attribute, 62 glue_spec, 101 attribute_list, 5 write, 1 save_p
os, 19 pdf_literal, 12 pdf_colorstack nodes
   avail lists: 2:883,3:204,4:252,5:322,6:33,7:2879,8:24,9:831,10:113,11:297
 58939 multiletter control sequences out of 65536+600000
 80 fonts using 69257303 bytes
 128i,13n,127p,504b,912s stack positions out of 10000i,1000n,20000p,200000b,200000s
<./AICStyleData/epilogueFont/Epilogue-Italic.ttf><C:/Windows/Fonts/seguiemj.ttf>
<./AICStyleData/epilogueFont/Epilogue-Regular.ttf><./AICStyleData/epilogueFont/E
pilogue-Bold.ttf><C:/Users/fonta/AppData/Local/Programs/MiKTeX/fonts/type1/publi
c/amsfonts/cm/cmex10.pfb><C:/Users/fonta/AppData/Local/Programs/MiKTeX/fonts/typ
e1/public/amsfonts/cm/cmr10.pfb><C:/Users/fonta/AppData/Local/Programs/MiKTeX/fo
nts/type1/public/amsfonts/cm/cmr8.pfb><C:/Users/fonta/AppData/Local/Programs/MiK
TeX/fonts/type1/public/amsfonts/cm/cmsy10.pfb><C:/Users/fonta/AppData/Local/Prog
rams/MiKTeX/fonts/type1/public/amsfonts/cm/cmsy8.pfb><C:/Users/fonta/AppData/Loc
al/Programs/MiKTeX/fonts/type1/public/amsfonts/cm/cmsy9.pfb>
Output written on main.pdf (21 pages, 967889 bytes).

PDF statistics: 207 PDF objects out of 1000 (max. 8388607)
 46 named destinations out of 1000 (max. 131072)
 16 words of extra memory for PDF output out of 10000 (max. 100000000)

