\BOOKMARK [1][-]{section.1}{\376\377\000A\000b\000s\000t\000r\000a\000c\000t}{}% 1
\BOOKMARK [1][-]{section.2}{\376\377\000S\000o\000s\000t\000e\000n\000i\000b\000i\000l\000i\000t\000\340}{}% 2
\BOOKMARK [2][-]{subsection.2.1}{\376\377\000I\000n\000t\000r\000o\000d\000u\000z\000i\000o\000n\000e\000\040\000a\000l\000l\000a\000\040\000s\000o\000s\000t\000e\000n\000i\000b\000i\000l\000i\000t\000\340}{section.2}% 3
\BOOKMARK [2][-]{subsection.2.2}{\376\377\000S\000o\000s\000t\000e\000n\000i\000b\000i\000l\000i\000t\000\340\000\040\000a\000m\000b\000i\000e\000n\000t\000a\000l\000e}{section.2}% 4
\BOOKMARK [2][-]{subsection.2.3}{\376\377\000G\000r\000e\000e\000n\000\040\000A\000I}{section.2}% 5
\BOOKMARK [1][-]{section.3}{\376\377\000R\000e\000c\000o\000m\000m\000e\000n\000d\000e\000r\000\040\000S\000y\000s\000t\000e\000m\000s}{}% 6
\BOOKMARK [2][-]{subsection.3.1}{\376\377\000I\000n\000t\000r\000o\000d\000u\000z\000i\000o\000n\000e}{section.3}% 7
\BOOKMARK [2][-]{subsection.3.2}{\376\377\000C\000o\000l\000l\000a\000b\000o\000r\000a\000t\000i\000v\000e\000\040\000F\000i\000l\000t\000e\000r\000i\000n\000g}{section.3}% 8
\BOOKMARK [2][-]{subsection.3.3}{\376\377\000C\000o\000n\000t\000e\000n\000t\000-\000b\000a\000s\000e\000d}{section.3}% 9
\BOOKMARK [2][-]{subsection.3.4}{\376\377\000K\000n\000o\000w\000l\000e\000d\000g\000e\000-\000b\000a\000s\000e\000d}{section.3}% 10
\BOOKMARK [2][-]{subsection.3.5}{\376\377\000M\000o\000d\000e\000l\000l\000i\000\040\000d\000i\000\040\000r\000a\000c\000c\000o\000m\000a\000n\000d\000a\000z\000i\000o\000n\000e\000\040\000a\000\040\000s\000t\000a\000t\000o\000\040\000d\000e\000l\000l\000'\000a\000r\000t\000e}{section.3}% 11
\BOOKMARK [2][-]{subsection.3.6}{\376\377\000R\000e\000c\000o\000m\000m\000e\000n\000d\000e\000r\000\040\000S\000y\000s\000t\000e\000m\000s\000\040\000e\000\040\000S\000u\000s\000t\000a\000i\000n\000a\000b\000i\000l\000i\000t\000y}{section.3}% 12
\BOOKMARK [1][-]{section.4}{\376\377\000M\000e\000t\000o\000d\000o\000l\000o\000g\000i\000a}{}% 13
\BOOKMARK [2][-]{subsection.4.1}{\376\377\000R\000Q\000S\000\040\000e\000\040\000o\000b\000i\000e\000t\000t\000i\000v\000i\000\040\000d\000e\000l\000\040\000l\000a\000v\000o\000r\000o}{section.4}% 14
\BOOKMARK [2][-]{subsection.4.2}{\376\377\000A\000d\000d\000e\000s\000t\000a\000m\000e\000n\000t\000o\000\040\000d\000e\000i\000\040\000m\000o\000d\000e\000l\000l\000i}{section.4}% 15
\BOOKMARK [2][-]{subsection.4.3}{\376\377\000T\000r\000a\000c\000k\000i\000n\000g\000\040\000d\000e\000l\000l\000e\000\040\000e\000m\000i\000s\000s\000i\000o\000n\000i}{section.4}% 16
\BOOKMARK [1][-]{section.5}{\376\377\000E\000s\000p\000e\000r\000i\000m\000e\000n\000t\000i}{}% 17
\BOOKMARK [2][-]{subsection.5.1}{\376\377\000D\000a\000t\000a\000s\000e\000t\000\040\000u\000t\000i\000l\000i\000z\000z\000a\000t\000i}{section.5}% 18
\BOOKMARK [3][-]{subsubsection.5.1.1}{\376\377\000L\000F\000M\0001\000b}{subsection.5.1}% 19
\BOOKMARK [3][-]{subsubsection.5.1.2}{\376\377\000M\000o\000v\000i\000e\000l\000e\000n\000s\000-\0001\0000\000m}{subsection.5.1}% 20
\BOOKMARK [3][-]{subsubsection.5.1.3}{\376\377\000M\000o\000v\000i\000e\000l\000e\000n\000s\000-\0001\000m}{subsection.5.1}% 21
\BOOKMARK [3][-]{subsubsection.5.1.4}{\376\377\000A\000m\000a\000z\000o\000n\000-\000B\000o\000o\000k}{subsection.5.1}% 22
\BOOKMARK [2][-]{subsection.5.2}{\376\377\000E\000s\000p\000e\000r\000i\000m\000e\000n\000t\000i\000\040\000s\000v\000o\000l\000t\000i}{section.5}% 23
\BOOKMARK [3][-]{subsubsection.5.2.1}{\376\377\000B\000e\000n\000c\000h\000m\000a\000r\000k\000i\000n\000g\000\040\000d\000e\000i\000\040\000m\000o\000d\000e\000l\000l\000i}{subsection.5.2}% 24
\BOOKMARK [3][-]{subsubsection.5.2.2}{\376\377\000A\000d\000d\000e\000s\000t\000r\000a\000m\000e\000n\000t\000o\000\040\000s\000o\000s\000t\000e\000n\000i\000b\000i\000l\000e}{subsection.5.2}% 25
\BOOKMARK [1][-]{section.6}{\376\377\000D\000i\000s\000c\000u\000s\000s\000i\000o\000n\000e\000\040\000d\000e\000i\000\040\000r\000i\000s\000u\000l\000t\000a\000t\000i}{}% 26
\BOOKMARK [2][-]{subsection.6.1}{\376\377\000B\000e\000n\000c\000h\000m\000a\000r\000k\000i\000n\000g}{section.6}% 27
\BOOKMARK [3][-]{subsubsection.6.1.1}{\376\377\000E\000m\000i\000s\000s\000i\000o\000n\000i}{subsection.6.1}% 28
\BOOKMARK [3][-]{subsubsection.6.1.2}{\376\377\000T\000r\000a\000d\000e\000-\000o\000f\000f}{subsection.6.1}% 29
\BOOKMARK [3][-]{subsubsection.6.1.3}{\376\377\000C\000o\000n\000c\000l\000u\000s\000i\000o\000n\000i}{subsection.6.1}% 30
\BOOKMARK [2][-]{subsection.6.2}{\376\377\000A\000d\000d\000e\000s\000t\000r\000a\000m\000e\000n\000t\000o\000\040\000s\000o\000s\000t\000e\000n\000i\000b\000i\000l\000e}{section.6}% 31
\BOOKMARK [3][-]{subsubsection.6.2.1}{\376\377\000P\000a\000r\000t\000e\000\040\000e\000s\000p\000l\000o\000r\000a\000t\000i\000v\000a}{subsection.6.2}% 32
\BOOKMARK [3][-]{subsubsection.6.2.2}{\376\377\000C\000o\000n\000f\000r\000o\000n\000t\000o\000\040\000t\000r\000a\000\040\000i\000\040\000c\000r\000i\000t\000e\000r\000i}{subsection.6.2}% 33
\BOOKMARK [3][-]{subsubsection.6.2.3}{\376\377\000S\000t\000u\000d\000i\000o\000\040\000d\000i\000\040\000s\000e\000n\000s\000i\000b\000i\000l\000i\000t\000\340\000\040\000d\000e\000i\000\040\000c\000r\000i\000t\000e\000r\000i}{subsection.6.2}% 34
\BOOKMARK [3][-]{subsubsection.6.2.4}{\376\377\000C\000o\000n\000c\000l\000u\000s\000i\000o\000n\000i}{subsection.6.2}% 35
\BOOKMARK [1][-]{section.7}{\376\377\000C\000o\000n\000c\000l\000u\000s\000i\000o\000n\000i\000\040\000e\000\040\000s\000v\000i\000l\000u\000p\000p\000i\000\040\000f\000u\000t\000u\000r\000i}{}% 36
\BOOKMARK [2][-]{subsection.7.1}{\376\377\000C\000o\000n\000c\000l\000u\000s\000i\000o\000n\000i}{section.7}% 37
\BOOKMARK [2][-]{subsection.7.2}{\376\377\000S\000v\000i\000l\000u\000p\000p\000i\000\040\000f\000u\000t\000u\000r\000i}{section.7}% 38
